2025-04-09 21:24:15,671 [INFO] Activator:176 - 


2025-04-09 21:24:15,675 [INFO] Activator:177 - !SESSION log4j initialized
2025-04-09 21:24:17,956 [INFO] LogOutputStream:77 - [STDOUT_REDIRECT] 
2025-04-09 21:24:19,659 [INFO] ApplicationProperties:184 - Using Application install path: C:\ST\STM32CubeIDE_1.18.0\STM32CubeIDE\plugins\com.st.stm32cube.common.mx_6.14.0.202502271554
2025-04-09 21:24:19,670 [INFO] DbMcusXml:78 - Set database path to: C:\ST\STM32CubeIDE_1.18.0\STM32CubeIDE\plugins\com.st.stm32cube.common.mx_6.14.0.202502271554\\db\/mcu/
2025-04-09 21:24:19,671 [INFO] ApiDb:274 - Set plugin database path to: C:\ST\STM32CubeIDE_1.18.0\STM32CubeIDE\plugins\com.st.stm32cube.common.mx_6.14.0.202502271554\\db\/plugins/boardmanager/
2025-04-09 21:24:19,671 [WARN] ApiDb:259 - Overriding images path with different value:  => C:\ST\STM32CubeIDE_1.18.0\STM32CubeIDE\plugins\com.st.stm32cube.common.mx_6.14.0.202502271554\\db\/plugins/mcufinder/images/
2025-04-09 21:24:19,675 [INFO] ApiDb:250 - Set database path to: C:\Users\ASUS\.stmcufinder\plugins\mcufinder//mcu/
2025-04-09 21:24:19,676 [INFO] DbMcusAds:125 - Set database path to: C:\Users\ASUS\.stmcufinder\plugins\mcufinder//mcu/
2025-04-09 21:24:19,678 [INFO] CrossReferenceDbSqlite:203 - Set database path to: C:\Users\ASUS\.stmcufinder\plugins\mcufinder//mcu/cs/
2025-04-09 21:24:19,755 [INFO] RulesReader:64 - Compatibility file has been processed (301 Rules)
2025-04-09 21:24:19,814 [INFO] DbMcusXml:78 - Set database path to: C:\ST\STM32CubeIDE_1.18.0\STM32CubeIDE\plugins\com.st.stm32cube.common.mx_6.14.0.202502271554\\db\/mcu/
2025-04-09 21:24:19,814 [INFO] ApiDb:274 - Set plugin database path to: C:\ST\STM32CubeIDE_1.18.0\STM32CubeIDE\plugins\com.st.stm32cube.common.mx_6.14.0.202502271554\\db\/plugins/boardmanager/
2025-04-09 21:24:19,814 [INFO] ApiDb:261 - Set plugin images path to: C:\ST\STM32CubeIDE_1.18.0\STM32CubeIDE\plugins\com.st.stm32cube.common.mx_6.14.0.202502271554\\db\/plugins/mcufinder/images/
2025-04-09 21:24:19,815 [WARN] DbFile:41 - Overriding database path with different value: C:\Users\ASUS\.stmcufinder\plugins\mcufinder/ => C:\Users\ASUS\.stmcufinder\plugins\mcufinder
2025-04-09 21:24:19,815 [INFO] ApiDb:250 - Set database path to: C:\Users\ASUS\.stmcufinder\plugins\mcufinder//mcu/
2025-04-09 21:24:19,815 [WARN] DbFile:41 - Overriding database path with different value: C:\Users\ASUS\.stmcufinder\plugins\mcufinder/ => C:\Users\ASUS\.stmcufinder\plugins\mcufinder
2025-04-09 21:24:19,815 [INFO] DbMcusAds:125 - Set database path to: C:\Users\ASUS\.stmcufinder\plugins\mcufinder//mcu/
2025-04-09 21:24:19,815 [WARN] DbFile:41 - Overriding database path with different value: C:\Users\ASUS\.stmcufinder\plugins\mcufinder/ => C:\Users\ASUS\.stmcufinder\plugins\mcufinder
2025-04-09 21:24:19,815 [WARN] DbFile:41 - Overriding database path with different value: C:\Users\ASUS\.stmcufinder\plugins\mcufinder/ => C:\Users\ASUS\.stmcufinder\plugins\mcufinder
2025-04-09 21:24:19,815 [INFO] CrossReferenceDbSqlite:203 - Set database path to: C:\Users\ASUS\.stmcufinder\plugins\mcufinder//mcu/cs/
2025-04-09 21:24:19,868 [INFO] MainPanel:272 - HeapMemory: 268435456
2025-04-09 21:24:19,931 [INFO] DbMcusXml:78 - Set database path to: C:\ST\STM32CubeIDE_1.18.0\STM32CubeIDE\plugins\com.st.stm32cube.common.mx_6.14.0.202502271554\\db\/mcu/
2025-04-09 21:24:19,931 [INFO] ApiDb:274 - Set plugin database path to: C:\ST\STM32CubeIDE_1.18.0\STM32CubeIDE\plugins\com.st.stm32cube.common.mx_6.14.0.202502271554\\db\/plugins/boardmanager/
2025-04-09 21:24:19,931 [INFO] ApiDb:261 - Set plugin images path to: C:\ST\STM32CubeIDE_1.18.0\STM32CubeIDE\plugins\com.st.stm32cube.common.mx_6.14.0.202502271554\\db\/plugins/mcufinder/images/
2025-04-09 21:24:19,931 [WARN] DbFile:41 - Overriding database path with different value: C:\Users\ASUS\.stmcufinder\plugins\mcufinder/ => C:\Users\ASUS\.stmcufinder\plugins\mcufinder
2025-04-09 21:24:19,931 [INFO] ApiDb:250 - Set database path to: C:\Users\ASUS\.stmcufinder\plugins\mcufinder//mcu/
2025-04-09 21:24:19,931 [WARN] DbFile:41 - Overriding database path with different value: C:\Users\ASUS\.stmcufinder\plugins\mcufinder/ => C:\Users\ASUS\.stmcufinder\plugins\mcufinder
2025-04-09 21:24:19,932 [INFO] DbMcusAds:125 - Set database path to: C:\Users\ASUS\.stmcufinder\plugins\mcufinder//mcu/
2025-04-09 21:24:19,932 [WARN] DbFile:41 - Overriding database path with different value: C:\Users\ASUS\.stmcufinder\plugins\mcufinder/ => C:\Users\ASUS\.stmcufinder\plugins\mcufinder
2025-04-09 21:24:19,932 [WARN] DbFile:41 - Overriding database path with different value: C:\Users\ASUS\.stmcufinder\plugins\mcufinder/ => C:\Users\ASUS\.stmcufinder\plugins\mcufinder
2025-04-09 21:24:19,932 [INFO] CrossReferenceDbSqlite:203 - Set database path to: C:\Users\ASUS\.stmcufinder\plugins\mcufinder//mcu/cs/
2025-04-09 21:24:19,946 [INFO] ApplicationProperties:184 - Using Application install path: C:\ST\STM32CubeIDE_1.18.0\STM32CubeIDE\plugins\com.st.stm32cube.common.mx_6.14.0.202502271554
2025-04-09 21:24:19,947 [INFO] PluginManage:196 - Search for loadable plugins [exclusion list=, ]
2025-04-09 21:24:19,948 [INFO] PluginManage:310 - Check plugin analytics
2025-04-09 21:24:20,065 [INFO] AnalyticsPlugin:253 - Accepted Software Licenses: STM32CubeMX.6.14.0
2025-04-09 21:24:20,065 [INFO] AnalyticsPlugin:255 - Accepted CMSIS Pack Licenses: 
2025-04-09 21:24:20,066 [INFO] AnalyticsPlugin:257 - Accepted Firmware Licenses: FW.F4.1.28.0,FW.F4.1.27.0
2025-04-09 21:24:20,067 [INFO] PluginManage:359 - Loaded plugin analytics (category:tool,tabindex:-1)
2025-04-09 21:24:20,068 [INFO] PluginManage:310 - Check plugin cadmodel
2025-04-09 21:24:20,071 [INFO] CADModel:105 - Init CAD model plugin
2025-04-09 21:24:20,071 [INFO] PluginManage:359 - Loaded plugin cadmodel (category:power,tabindex:5)
2025-04-09 21:24:20,071 [INFO] PluginManage:310 - Check plugin clock
2025-04-09 21:24:20,079 [INFO] PluginManage:359 - Loaded plugin clock (category:base,tabindex:2)
2025-04-09 21:24:20,079 [INFO] PluginManage:310 - Check plugin ddr
2025-04-09 21:24:20,081 [INFO] PluginManage:359 - Loaded plugin ddr (category:tool,tabindex:6)
2025-04-09 21:24:20,081 [INFO] PluginManage:310 - Check plugin filemanager
2025-04-09 21:24:20,190 [INFO] PluginManage:359 - Loaded plugin filemanager (category:base,tabindex:10)
2025-04-09 21:24:20,191 [INFO] PluginManage:310 - Check plugin ipmanager
2025-04-09 21:24:20,196 [INFO] PluginManage:359 - Loaded plugin ipmanager (category:base,tabindex:5)
2025-04-09 21:24:20,196 [INFO] PluginManage:310 - Check plugin lpbam
2025-04-09 21:24:20,202 [INFO] PluginManage:359 - Loaded plugin lpbam (category:base,tabindex:0)
2025-04-09 21:24:20,202 [INFO] PluginManage:310 - Check plugin memorymap
2025-04-09 21:24:20,211 [INFO] PluginManage:359 - Loaded plugin memorymap (category:base,tabindex:4)
2025-04-09 21:24:20,211 [INFO] PluginManage:310 - Check plugin pinoutandconfiguration
2025-04-09 21:24:20,217 [INFO] PluginManage:359 - Loaded plugin pinoutandconfiguration (category:base,tabindex:1)
2025-04-09 21:24:20,217 [INFO] PluginManage:310 - Check plugin pinoutconfig
2025-04-09 21:24:20,330 [WARN] SupportedApi:132 - Cannot load RTOS API schema: s4s-elt-must-match.1: The content of 'definitions' must match (annotation?, (simpleType | complexType)?, (unique | key | keyref)*)). A problem was found starting at: attribute.
2025-04-09 21:24:20,424 [INFO] PluginManage:359 - Loaded plugin pinoutconfig (category:base,tabindex:0)
2025-04-09 21:24:20,424 [INFO] PluginManage:310 - Check plugin power
2025-04-09 21:24:20,430 [INFO] PluginManage:359 - Loaded plugin power (category:power,tabindex:4)
2025-04-09 21:24:20,430 [INFO] PluginManage:310 - Check plugin projectmanager
2025-04-09 21:24:20,443 [INFO] PluginManage:359 - Loaded plugin projectmanager (category:projectmanager,tabindex:4)
2025-04-09 21:24:20,443 [INFO] PluginManage:310 - Check plugin rif
2025-04-09 21:24:20,448 [INFO] PluginManage:359 - Loaded plugin rif (category:base,tabindex:3)
2025-04-09 21:24:20,448 [INFO] PluginManage:310 - Check plugin thirdparty
2025-04-09 21:24:20,545 [INFO] PluginManage:359 - Loaded plugin thirdparty (category:base,tabindex:-1)
2025-04-09 21:24:20,545 [WARN] IntegrityCheckThread:84 - waiting for thirdparty lock release [integrity check]
2025-04-09 21:24:20,546 [INFO] IntegrityCheckThread:86 - entering critical section [integrity check]
2025-04-09 21:24:20,546 [INFO] PluginManage:310 - Check plugin tools
2025-04-09 21:24:20,546 [INFO] ThirdPartyUpdaterWithRetryManager:70 - Updater plugin not ready yet. [1/15]
2025-04-09 21:24:20,548 [INFO] PluginManage:359 - Loaded plugin tools (category:base,tabindex:7)
2025-04-09 21:24:20,548 [INFO] PluginManage:310 - Check plugin tutovideos
2025-04-09 21:24:20,655 [INFO] PluginManage:359 - Loaded plugin tutovideos (category:base,tabindex:-1)
2025-04-09 21:24:20,655 [INFO] PluginManage:310 - Check plugin updater
2025-04-09 21:24:20,673 [INFO] PluginManage:359 - Loaded plugin updater (category:base,tabindex:12)
2025-04-09 21:24:20,673 [INFO] PluginManage:310 - Check plugin userauth
2025-04-09 21:24:20,676 [INFO] UserAuth:118 - Init User Auth plugin
2025-04-09 21:24:20,676 [INFO] PluginManage:359 - Loaded plugin userauth (category:base,tabindex:14)
2025-04-09 21:24:20,677 [INFO] PluginManage:283 - PluginManage : Loaded plugins [18]
2025-04-09 21:24:20,844 [INFO] PinOutPanel:1589 - setPackage(No Configuration,No Configuration)
2025-04-09 21:24:20,917 [INFO] CADModel:165 - CPN selected for project level
2025-04-09 21:24:20,917 [INFO] CADModel:114 - Register for checkConnection events
2025-04-09 21:24:20,929 [INFO] IPUIPlugin:80 - create IPUIPlugin
2025-04-09 21:24:20,930 [INFO] PluginManager:220 - loadIPPluginJar : add adc
2025-04-09 21:24:20,932 [INFO] IPUIPlugin:80 - create IPUIPlugin
2025-04-09 21:24:20,932 [INFO] PluginManager:220 - loadIPPluginJar : add aes
2025-04-09 21:24:20,934 [INFO] IPUIPlugin:80 - create IPUIPlugin
2025-04-09 21:24:20,934 [INFO] PluginManager:220 - loadIPPluginJar : add can
2025-04-09 21:24:20,935 [INFO] IPUIPlugin:80 - create IPUIPlugin
2025-04-09 21:24:20,936 [INFO] PluginManager:220 - loadIPPluginJar : add comp
2025-04-09 21:24:20,938 [INFO] IPUIPlugin:80 - create IPUIPlugin
2025-04-09 21:24:20,938 [INFO] PluginManager:220 - loadIPPluginJar : add cryp
2025-04-09 21:24:20,940 [INFO] IPUIPlugin:80 - create IPUIPlugin
2025-04-09 21:24:20,940 [INFO] PluginManager:220 - loadIPPluginJar : add ddr_ctrl_phy
2025-04-09 21:24:20,943 [INFO] IPUIPlugin:80 - create IPUIPlugin
2025-04-09 21:24:20,943 [INFO] PluginManager:220 - loadIPPluginJar : add dfsdm
2025-04-09 21:24:20,947 [INFO] IPUIPlugin:80 - create IPUIPlugin
2025-04-09 21:24:20,948 [INFO] PluginManager:220 - loadIPPluginJar : add dma
2025-04-09 21:24:20,950 [INFO] IPUIPlugin:80 - create IPUIPlugin
2025-04-09 21:24:20,950 [INFO] PluginManager:220 - loadIPPluginJar : add dma3
2025-04-09 21:24:20,952 [INFO] IPUIPlugin:80 - create IPUIPlugin
2025-04-09 21:24:20,952 [INFO] PluginManager:220 - loadIPPluginJar : add extmemmanager
2025-04-09 21:24:20,953 [INFO] IPUIPlugin:80 - create IPUIPlugin
2025-04-09 21:24:20,953 [INFO] PluginManager:220 - loadIPPluginJar : add fatfs
2025-04-09 21:24:20,957 [INFO] IPUIPlugin:80 - create IPUIPlugin
2025-04-09 21:24:20,958 [INFO] PluginManager:220 - loadIPPluginJar : add fmc
2025-04-09 21:24:20,963 [INFO] IPUIPlugin:80 - create IPUIPlugin
2025-04-09 21:24:20,963 [INFO] PluginManager:220 - loadIPPluginJar : add freertos
2025-04-09 21:24:20,964 [INFO] IPUIPlugin:80 - create IPUIPlugin
2025-04-09 21:24:20,964 [INFO] PluginManager:220 - loadIPPluginJar : add genericplugin
2025-04-09 21:24:20,966 [INFO] IPUIPlugin:80 - create IPUIPlugin
2025-04-09 21:24:20,966 [INFO] PluginManager:220 - loadIPPluginJar : add gfxmmu
2025-04-09 21:24:20,970 [INFO] IPUIPlugin:80 - create IPUIPlugin
2025-04-09 21:24:20,970 [INFO] PluginManager:220 - loadIPPluginJar : add gic
2025-04-09 21:24:20,974 [INFO] IPUIPlugin:80 - create IPUIPlugin
2025-04-09 21:24:20,974 [INFO] PluginManager:220 - loadIPPluginJar : add gpio
2025-04-09 21:24:20,976 [INFO] IPUIPlugin:80 - create IPUIPlugin
2025-04-09 21:24:20,976 [INFO] PluginManager:220 - loadIPPluginJar : add gtzc
2025-04-09 21:24:20,979 [INFO] IPUIPlugin:80 - create IPUIPlugin
2025-04-09 21:24:20,979 [INFO] PluginManager:220 - loadIPPluginJar : add hash
2025-04-09 21:24:20,981 [INFO] IPUIPlugin:80 - create IPUIPlugin
2025-04-09 21:24:20,981 [INFO] PluginManager:220 - loadIPPluginJar : add i2c
2025-04-09 21:24:20,983 [INFO] IPUIPlugin:80 - create IPUIPlugin
2025-04-09 21:24:20,984 [INFO] PluginManager:220 - loadIPPluginJar : add i2s
2025-04-09 21:24:20,987 [INFO] IPUIPlugin:80 - create IPUIPlugin
2025-04-09 21:24:20,987 [INFO] PluginManager:220 - loadIPPluginJar : add i3c
2025-04-09 21:24:20,990 [INFO] IPUIPlugin:80 - create IPUIPlugin
2025-04-09 21:24:20,990 [INFO] PluginManager:220 - loadIPPluginJar : add ipddr
2025-04-09 21:24:20,995 [INFO] IPUIPlugin:80 - create IPUIPlugin
2025-04-09 21:24:20,995 [INFO] PluginManager:220 - loadIPPluginJar : add linkedlist
2025-04-09 21:24:20,999 [INFO] IPUIPlugin:80 - create IPUIPlugin
2025-04-09 21:24:20,999 [INFO] PluginManager:220 - loadIPPluginJar : add lorawan
2025-04-09 21:24:21,000 [INFO] IPUIPlugin:80 - create IPUIPlugin
2025-04-09 21:24:21,000 [INFO] PluginManager:220 - loadIPPluginJar : add ltdc
2025-04-09 21:24:21,004 [INFO] IPUIPlugin:80 - create IPUIPlugin
2025-04-09 21:24:21,004 [INFO] PluginManager:220 - loadIPPluginJar : add mdma
2025-04-09 21:24:21,007 [INFO] IPUIPlugin:80 - create IPUIPlugin
2025-04-09 21:24:21,007 [INFO] PluginManager:220 - loadIPPluginJar : add nvic
2025-04-09 21:24:21,010 [INFO] IPUIPlugin:80 - create IPUIPlugin
2025-04-09 21:24:21,010 [INFO] PluginManager:220 - loadIPPluginJar : add opamp
2025-04-09 21:24:21,013 [INFO] IPUIPlugin:80 - create IPUIPlugin
2025-04-09 21:24:21,013 [INFO] PluginManager:220 - loadIPPluginJar : add openamp
2025-04-09 21:24:21,016 [INFO] IPUIPlugin:80 - create IPUIPlugin
2025-04-09 21:24:21,016 [INFO] PluginManager:220 - loadIPPluginJar : add pdm2pcm
2025-04-09 21:24:21,021 [INFO] IPUIPlugin:80 - create IPUIPlugin
2025-04-09 21:24:21,022 [INFO] PluginManager:220 - loadIPPluginJar : add plateformsettings
2025-04-09 21:24:21,024 [INFO] IPUIPlugin:80 - create IPUIPlugin
2025-04-09 21:24:21,024 [INFO] PluginManager:220 - loadIPPluginJar : add quadspi
2025-04-09 21:24:21,026 [INFO] IPUIPlugin:80 - create IPUIPlugin
2025-04-09 21:24:21,026 [INFO] PluginManager:220 - loadIPPluginJar : add radio
2025-04-09 21:24:21,029 [INFO] IPUIPlugin:80 - create IPUIPlugin
2025-04-09 21:24:21,029 [INFO] PluginManager:220 - loadIPPluginJar : add resmgrutility
2025-04-09 21:24:21,032 [INFO] IPUIPlugin:80 - create IPUIPlugin
2025-04-09 21:24:21,032 [INFO] PluginManager:220 - loadIPPluginJar : add sai
2025-04-09 21:24:21,034 [INFO] IPUIPlugin:80 - create IPUIPlugin
2025-04-09 21:24:21,034 [INFO] PluginManager:220 - loadIPPluginJar : add spi
2025-04-09 21:24:21,039 [INFO] IPUIPlugin:80 - create IPUIPlugin
2025-04-09 21:24:21,039 [INFO] PluginManager:220 - loadIPPluginJar : add stm32_wpan
2025-04-09 21:24:21,040 [INFO] IPUIPlugin:80 - create IPUIPlugin
2025-04-09 21:24:21,040 [INFO] PluginManager:220 - loadIPPluginJar : add tim
2025-04-09 21:24:21,042 [INFO] IPUIPlugin:80 - create IPUIPlugin
2025-04-09 21:24:21,042 [INFO] PluginManager:220 - loadIPPluginJar : add touchsensing
2025-04-09 21:24:21,044 [INFO] IPUIPlugin:80 - create IPUIPlugin
2025-04-09 21:24:21,044 [INFO] PluginManager:220 - loadIPPluginJar : add tracer_emb
2025-04-09 21:24:21,045 [INFO] IPUIPlugin:80 - create IPUIPlugin
2025-04-09 21:24:21,046 [INFO] PluginManager:220 - loadIPPluginJar : add ts
2025-04-09 21:24:21,047 [INFO] IPUIPlugin:80 - create IPUIPlugin
2025-04-09 21:24:21,047 [INFO] PluginManager:220 - loadIPPluginJar : add tsc
2025-04-09 21:24:21,048 [INFO] IPUIPlugin:80 - create IPUIPlugin
2025-04-09 21:24:21,049 [INFO] PluginManager:220 - loadIPPluginJar : add ucpd
2025-04-09 21:24:21,050 [INFO] IPUIPlugin:80 - create IPUIPlugin
2025-04-09 21:24:21,051 [INFO] PluginManager:220 - loadIPPluginJar : add usart
2025-04-09 21:24:21,053 [INFO] IPUIPlugin:80 - create IPUIPlugin
2025-04-09 21:24:21,053 [INFO] PluginManager:220 - loadIPPluginJar : add usbx
2025-04-09 21:24:21,169 [FATAL] Updater:351 - Updater called before beeing initialized
2025-04-09 21:24:21,191 [INFO] RulesReader:64 - Compatibility file has been processed (301 Rules)
2025-04-09 21:24:21,199 [INFO] RulesReader:64 - Compatibility file has been processed (301 Rules)
2025-04-09 21:24:21,208 [INFO] CADModel:165 - CPN selected for project level
2025-04-09 21:24:21,209 [INFO] CADModel:114 - Register for checkConnection events
2025-04-09 21:24:21,209 [FATAL] Updater:351 - Updater called before beeing initialized
2025-04-09 21:24:21,209 [ERROR] CADModel:125 - Updater not yet initialized, retry later 
2025-04-09 21:24:21,333 [FATAL] Updater:351 - Updater called before beeing initialized
2025-04-09 21:24:21,335 [INFO] CADModel:165 - CPN selected for project level
2025-04-09 21:24:21,335 [INFO] CADModel:114 - Register for checkConnection events
2025-04-09 21:24:21,335 [FATAL] Updater:351 - Updater called before beeing initialized
2025-04-09 21:24:21,335 [ERROR] CADModel:125 - Updater not yet initialized, retry later 
2025-04-09 21:24:21,337 [FATAL] Updater:351 - Updater called before beeing initialized
2025-04-09 21:24:21,431 [FATAL] Updater:351 - Updater called before beeing initialized
2025-04-09 21:24:21,433 [INFO] DbMcusAds:53 - JSON generation date=Thu Mar 06 21:54:22 ICT 2025 (1741272862204)
2025-04-09 21:24:21,435 [FATAL] Updater:351 - Updater called before beeing initialized
2025-04-09 21:24:21,460 [WARN] DetailPanel:346 - Failed to get advertising image, set to default
2025-04-09 21:24:21,669 [FATAL] Updater:351 - Updater called before beeing initialized
2025-04-09 21:24:21,670 [FATAL] Updater:351 - Updater called before beeing initialized
2025-04-09 21:24:21,670 [FATAL] Updater:351 - Updater called before beeing initialized
2025-04-09 21:24:21,670 [WARN] DetailPanel:346 - Failed to get advertising image, set to default
2025-04-09 21:24:21,671 [FATAL] Updater:351 - Updater called before beeing initialized
2025-04-09 21:24:21,708 [ERROR] Updater:1198 - MainUpdater not yet initialized. External WinMGr cannot be set.
2025-04-09 21:24:21,709 [INFO] Updater:1134 - Updater Version found : 6.14.0
2025-04-09 21:24:21,721 [INFO] ApplicationProperties:184 - Using Application install path: C:\ST\STM32CubeIDE_1.18.0\STM32CubeIDE\plugins\com.st.stm32cube.common.mx_6.14.0.202502271554
2025-04-09 21:24:22,003 [INFO] MainUpdater:2872 - connection check result : 10
2025-04-09 21:24:22,004 [INFO] MainUpdater:289 - Updater Check For Update Now.
2025-04-09 21:24:22,004 [INFO] MicroXplorer:498 - Change Database Version : DB.6.0.140
2025-04-09 21:24:22,014 [INFO] McuFinderGlobals:63 - Set McuFinder mode to 2 (CubeIDE integrated)
2025-04-09 21:24:22,015 [INFO] UserAuth:486 - Internet connection configuration mode: 1
2025-04-09 21:24:22,041 [INFO] JxBrowserEngine:152 - Initiate JxBrowser Engine with user profile folder
2025-04-09 21:24:22,173 [INFO] CheckServerUpdateThread:120 - End of CheckServer Thread
2025-04-09 21:24:22,559 [INFO] WebApp:169 - Instantiating new browser for Auth
2025-04-09 21:24:23,068 [INFO] WebApp:463 - Apply proxy settings
2025-04-09 21:24:23,068 [INFO] WebApp:548 - Chromium requires no authentication
2025-04-09 21:24:23,073 [INFO] WebApp:491 - Direct internet connection detected
2025-04-09 21:24:23,091 [INFO] WebApp:894 - Register for checkConnection events
2025-04-09 21:24:23,092 [INFO] WebApp:463 - Apply proxy settings
2025-04-09 21:24:23,092 [INFO] WebApp:548 - Chromium requires no authentication
2025-04-09 21:24:23,092 [INFO] WebApp:491 - Direct internet connection detected
2025-04-09 21:24:23,201 [INFO] WebApp:225 - Starting web application
2025-04-09 21:24:23,201 [INFO] WebApp:593 - Web application path used C:\ST\STM32CubeIDE_1.18.0\STM32CubeIDE\plugins\com.st.stm32cube.common.mx_6.14.0.202502271554\db\plugins\mcufinder\reactClient1\index.html
2025-04-09 21:24:23,324 [INFO] WebApp:191 - Connection restablished
2025-04-09 21:24:23,575 [INFO] UserAuth:486 - Internet connection configuration mode: 1
2025-04-09 21:24:23,714 [WARN] PackLoader:240 - Cannot read IP mode file for STMicroelectronics.FP-SNS-MOTENVWB1.1.4.0
2025-04-09 21:24:23,745 [WARN] PackLoader:240 - Cannot read IP mode file for STMicroelectronics.X-CUBE-DISPLAY.3.0.0
2025-04-09 21:24:23,771 [WARN] PackLoader:240 - Cannot read IP mode file for STMicroelectronics.X-CUBE-BLEMGR.4.0.0
2025-04-09 21:24:23,785 [WARN] PackLoader:240 - Cannot read IP mode file for STMicroelectronics.X-CUBE-AI.10.0.0
2025-04-09 21:24:23,792 [WARN] PackLoader:240 - Cannot read IP mode file for STMicroelectronics.FP-SNS-SMARTAG2.1.2.0
2025-04-09 21:24:23,800 [WARN] PackLoader:240 - Cannot read IP mode file for STMicroelectronics.FP-SNS-MOTENV1.5.0.0
2025-04-09 21:24:23,810 [WARN] PackLoader:240 - Cannot read IP mode file for STMicroelectronics.X-CUBE-BLE2.3.3.0
2025-04-09 21:24:23,819 [WARN] PackLoader:240 - Cannot read IP mode file for STMicroelectronics.FP-ATR-SIGFOX1.3.2.0
2025-04-09 21:24:23,833 [WARN] PackLoader:240 - Cannot read IP mode file for STMicroelectronics.FP-SNS-STBOX1.2.0.0
2025-04-09 21:24:23,849 [WARN] PackLoader:240 - Cannot read IP mode file for STMicroelectronics.X-CUBE-ALS.1.0.2
2025-04-09 21:24:23,850 [INFO] ThirdParty:978 - Integrity check success = true
2025-04-09 21:24:23,851 [INFO] IntegrityCheckThread:100 - exiting critical section [integrity check]
2025-04-09 21:24:23,851 [INFO] IntegrityCheckThread:103 - End integrity checks thread
2025-04-09 21:24:24,656 [ERROR] LogOutputStream:75 - [STDERR_REDIRECT] [Fatal Error] :1:1: Premature end of file.
2025-04-09 21:24:24,657 [ERROR] LogOutputStream:75 - [STDERR_REDIRECT] 
2025-04-09 21:24:25,005 [ERROR] LogOutputStream:75 - [STDERR_REDIRECT] 
