2025-04-08 22:25:26,710 [INFO] Activator:176 - 


2025-04-08 22:25:26,711 [INFO] Activator:177 - !SESSION log4j initialized
2025-04-08 22:25:29,665 [INFO] LogOutputStream:77 - [STDOUT_REDIRECT] 
2025-04-08 22:25:31,245 [INFO] ApplicationProperties:184 - Using Application install path: C:\ST\STM32CubeIDE_1.18.0\STM32CubeIDE\plugins\com.st.stm32cube.common.mx_6.14.0.202502271554
2025-04-08 22:25:31,257 [INFO] DbMcusXml:78 - Set database path to: C:\ST\STM32CubeIDE_1.18.0\STM32CubeIDE\plugins\com.st.stm32cube.common.mx_6.14.0.202502271554\\db\/mcu/
2025-04-08 22:25:31,258 [INFO] ApiDb:274 - Set plugin database path to: C:\ST\STM32CubeIDE_1.18.0\STM32CubeIDE\plugins\com.st.stm32cube.common.mx_6.14.0.202502271554\\db\/plugins/boardmanager/
2025-04-08 22:25:31,258 [WARN] ApiDb:259 - Overriding images path with different value:  => C:\ST\STM32CubeIDE_1.18.0\STM32CubeIDE\plugins\com.st.stm32cube.common.mx_6.14.0.202502271554\\db\/plugins/mcufinder/images/
2025-04-08 22:25:31,262 [INFO] ApiDb:250 - Set database path to: C:\Users\ASUS\.stmcufinder\plugins\mcufinder//mcu/
2025-04-08 22:25:31,263 [INFO] DbMcusAds:125 - Set database path to: C:\Users\ASUS\.stmcufinder\plugins\mcufinder//mcu/
2025-04-08 22:25:31,265 [INFO] CrossReferenceDbSqlite:203 - Set database path to: C:\Users\ASUS\.stmcufinder\plugins\mcufinder//mcu/cs/
2025-04-08 22:25:31,364 [INFO] RulesReader:64 - Compatibility file has been processed (301 Rules)
2025-04-08 22:25:31,431 [INFO] DbMcusXml:78 - Set database path to: C:\ST\STM32CubeIDE_1.18.0\STM32CubeIDE\plugins\com.st.stm32cube.common.mx_6.14.0.202502271554\\db\/mcu/
2025-04-08 22:25:31,431 [INFO] ApiDb:274 - Set plugin database path to: C:\ST\STM32CubeIDE_1.18.0\STM32CubeIDE\plugins\com.st.stm32cube.common.mx_6.14.0.202502271554\\db\/plugins/boardmanager/
2025-04-08 22:25:31,431 [INFO] ApiDb:261 - Set plugin images path to: C:\ST\STM32CubeIDE_1.18.0\STM32CubeIDE\plugins\com.st.stm32cube.common.mx_6.14.0.202502271554\\db\/plugins/mcufinder/images/
2025-04-08 22:25:31,431 [WARN] DbFile:41 - Overriding database path with different value: C:\Users\ASUS\.stmcufinder\plugins\mcufinder/ => C:\Users\ASUS\.stmcufinder\plugins\mcufinder
2025-04-08 22:25:31,431 [INFO] ApiDb:250 - Set database path to: C:\Users\ASUS\.stmcufinder\plugins\mcufinder//mcu/
2025-04-08 22:25:31,432 [WARN] DbFile:41 - Overriding database path with different value: C:\Users\ASUS\.stmcufinder\plugins\mcufinder/ => C:\Users\ASUS\.stmcufinder\plugins\mcufinder
2025-04-08 22:25:31,432 [INFO] DbMcusAds:125 - Set database path to: C:\Users\ASUS\.stmcufinder\plugins\mcufinder//mcu/
2025-04-08 22:25:31,432 [WARN] DbFile:41 - Overriding database path with different value: C:\Users\ASUS\.stmcufinder\plugins\mcufinder/ => C:\Users\ASUS\.stmcufinder\plugins\mcufinder
2025-04-08 22:25:31,432 [WARN] DbFile:41 - Overriding database path with different value: C:\Users\ASUS\.stmcufinder\plugins\mcufinder/ => C:\Users\ASUS\.stmcufinder\plugins\mcufinder
2025-04-08 22:25:31,432 [INFO] CrossReferenceDbSqlite:203 - Set database path to: C:\Users\ASUS\.stmcufinder\plugins\mcufinder//mcu/cs/
2025-04-08 22:25:31,498 [INFO] MainPanel:272 - HeapMemory: 268435456
2025-04-08 22:25:31,575 [INFO] DbMcusXml:78 - Set database path to: C:\ST\STM32CubeIDE_1.18.0\STM32CubeIDE\plugins\com.st.stm32cube.common.mx_6.14.0.202502271554\\db\/mcu/
2025-04-08 22:25:31,575 [INFO] ApiDb:274 - Set plugin database path to: C:\ST\STM32CubeIDE_1.18.0\STM32CubeIDE\plugins\com.st.stm32cube.common.mx_6.14.0.202502271554\\db\/plugins/boardmanager/
2025-04-08 22:25:31,575 [INFO] ApiDb:261 - Set plugin images path to: C:\ST\STM32CubeIDE_1.18.0\STM32CubeIDE\plugins\com.st.stm32cube.common.mx_6.14.0.202502271554\\db\/plugins/mcufinder/images/
2025-04-08 22:25:31,576 [WARN] DbFile:41 - Overriding database path with different value: C:\Users\ASUS\.stmcufinder\plugins\mcufinder/ => C:\Users\ASUS\.stmcufinder\plugins\mcufinder
2025-04-08 22:25:31,576 [INFO] ApiDb:250 - Set database path to: C:\Users\ASUS\.stmcufinder\plugins\mcufinder//mcu/
2025-04-08 22:25:31,576 [WARN] DbFile:41 - Overriding database path with different value: C:\Users\ASUS\.stmcufinder\plugins\mcufinder/ => C:\Users\ASUS\.stmcufinder\plugins\mcufinder
2025-04-08 22:25:31,576 [INFO] DbMcusAds:125 - Set database path to: C:\Users\ASUS\.stmcufinder\plugins\mcufinder//mcu/
2025-04-08 22:25:31,576 [WARN] DbFile:41 - Overriding database path with different value: C:\Users\ASUS\.stmcufinder\plugins\mcufinder/ => C:\Users\ASUS\.stmcufinder\plugins\mcufinder
2025-04-08 22:25:31,576 [WARN] DbFile:41 - Overriding database path with different value: C:\Users\ASUS\.stmcufinder\plugins\mcufinder/ => C:\Users\ASUS\.stmcufinder\plugins\mcufinder
2025-04-08 22:25:31,576 [INFO] CrossReferenceDbSqlite:203 - Set database path to: C:\Users\ASUS\.stmcufinder\plugins\mcufinder//mcu/cs/
2025-04-08 22:25:31,592 [INFO] ApplicationProperties:184 - Using Application install path: C:\ST\STM32CubeIDE_1.18.0\STM32CubeIDE\plugins\com.st.stm32cube.common.mx_6.14.0.202502271554
2025-04-08 22:25:31,593 [INFO] PluginManage:196 - Search for loadable plugins [exclusion list=, ]
2025-04-08 22:25:31,594 [INFO] PluginManage:310 - Check plugin analytics
2025-04-08 22:25:31,748 [INFO] AnalyticsPlugin:253 - Accepted Software Licenses: STM32CubeMX.6.14.0
2025-04-08 22:25:31,748 [INFO] AnalyticsPlugin:255 - Accepted CMSIS Pack Licenses: 
2025-04-08 22:25:31,748 [INFO] AnalyticsPlugin:257 - Accepted Firmware Licenses: FW.F4.1.28.0,FW.F4.1.27.0
2025-04-08 22:25:31,750 [INFO] PluginManage:359 - Loaded plugin analytics (category:tool,tabindex:-1)
2025-04-08 22:25:31,750 [INFO] PluginManage:310 - Check plugin cadmodel
2025-04-08 22:25:31,754 [INFO] CADModel:105 - Init CAD model plugin
2025-04-08 22:25:31,754 [INFO] PluginManage:359 - Loaded plugin cadmodel (category:power,tabindex:5)
2025-04-08 22:25:31,754 [INFO] PluginManage:310 - Check plugin clock
2025-04-08 22:25:31,761 [INFO] PluginManage:359 - Loaded plugin clock (category:base,tabindex:2)
2025-04-08 22:25:31,761 [INFO] PluginManage:310 - Check plugin ddr
2025-04-08 22:25:31,762 [INFO] PluginManage:359 - Loaded plugin ddr (category:tool,tabindex:6)
2025-04-08 22:25:31,762 [INFO] PluginManage:310 - Check plugin filemanager
2025-04-08 22:25:31,897 [INFO] PluginManage:359 - Loaded plugin filemanager (category:base,tabindex:10)
2025-04-08 22:25:31,897 [INFO] PluginManage:310 - Check plugin ipmanager
2025-04-08 22:25:31,902 [INFO] PluginManage:359 - Loaded plugin ipmanager (category:base,tabindex:5)
2025-04-08 22:25:31,902 [INFO] PluginManage:310 - Check plugin lpbam
2025-04-08 22:25:31,910 [INFO] PluginManage:359 - Loaded plugin lpbam (category:base,tabindex:0)
2025-04-08 22:25:31,910 [INFO] PluginManage:310 - Check plugin memorymap
2025-04-08 22:25:31,919 [INFO] PluginManage:359 - Loaded plugin memorymap (category:base,tabindex:4)
2025-04-08 22:25:31,919 [INFO] PluginManage:310 - Check plugin pinoutandconfiguration
2025-04-08 22:25:31,925 [INFO] PluginManage:359 - Loaded plugin pinoutandconfiguration (category:base,tabindex:1)
2025-04-08 22:25:31,926 [INFO] PluginManage:310 - Check plugin pinoutconfig
2025-04-08 22:25:31,996 [WARN] SupportedApi:132 - Cannot load RTOS API schema: s4s-elt-must-match.1: The content of 'definitions' must match (annotation?, (simpleType | complexType)?, (unique | key | keyref)*)). A problem was found starting at: attribute.
2025-04-08 22:25:32,094 [INFO] PluginManage:359 - Loaded plugin pinoutconfig (category:base,tabindex:0)
2025-04-08 22:25:32,094 [INFO] PluginManage:310 - Check plugin power
2025-04-08 22:25:32,100 [INFO] PluginManage:359 - Loaded plugin power (category:power,tabindex:4)
2025-04-08 22:25:32,100 [INFO] PluginManage:310 - Check plugin projectmanager
2025-04-08 22:25:32,112 [INFO] PluginManage:359 - Loaded plugin projectmanager (category:projectmanager,tabindex:4)
2025-04-08 22:25:32,112 [INFO] PluginManage:310 - Check plugin rif
2025-04-08 22:25:32,117 [INFO] PluginManage:359 - Loaded plugin rif (category:base,tabindex:3)
2025-04-08 22:25:32,117 [INFO] PluginManage:310 - Check plugin thirdparty
2025-04-08 22:25:32,222 [INFO] PluginManage:359 - Loaded plugin thirdparty (category:base,tabindex:-1)
2025-04-08 22:25:32,222 [WARN] IntegrityCheckThread:84 - waiting for thirdparty lock release [integrity check]
2025-04-08 22:25:32,222 [INFO] PluginManage:310 - Check plugin tools
2025-04-08 22:25:32,222 [INFO] IntegrityCheckThread:86 - entering critical section [integrity check]
2025-04-08 22:25:32,223 [INFO] ThirdPartyUpdaterWithRetryManager:70 - Updater plugin not ready yet. [1/15]
2025-04-08 22:25:32,224 [INFO] PluginManage:359 - Loaded plugin tools (category:base,tabindex:7)
2025-04-08 22:25:32,224 [INFO] PluginManage:310 - Check plugin tutovideos
2025-04-08 22:25:32,347 [INFO] PluginManage:359 - Loaded plugin tutovideos (category:base,tabindex:-1)
2025-04-08 22:25:32,347 [INFO] PluginManage:310 - Check plugin updater
2025-04-08 22:25:32,364 [INFO] PluginManage:359 - Loaded plugin updater (category:base,tabindex:12)
2025-04-08 22:25:32,364 [INFO] PluginManage:310 - Check plugin userauth
2025-04-08 22:25:32,368 [INFO] UserAuth:118 - Init User Auth plugin
2025-04-08 22:25:32,370 [INFO] PluginManage:359 - Loaded plugin userauth (category:base,tabindex:14)
2025-04-08 22:25:32,370 [INFO] PluginManage:283 - PluginManage : Loaded plugins [18]
2025-04-08 22:25:32,578 [INFO] PinOutPanel:1589 - setPackage(No Configuration,No Configuration)
2025-04-08 22:25:32,656 [INFO] CADModel:165 - CPN selected for project level
2025-04-08 22:25:32,656 [INFO] CADModel:114 - Register for checkConnection events
2025-04-08 22:25:32,674 [INFO] IPUIPlugin:80 - create IPUIPlugin
2025-04-08 22:25:32,674 [INFO] PluginManager:220 - loadIPPluginJar : add adc
2025-04-08 22:25:32,677 [INFO] IPUIPlugin:80 - create IPUIPlugin
2025-04-08 22:25:32,677 [INFO] PluginManager:220 - loadIPPluginJar : add aes
2025-04-08 22:25:32,679 [INFO] IPUIPlugin:80 - create IPUIPlugin
2025-04-08 22:25:32,681 [INFO] PluginManager:220 - loadIPPluginJar : add can
2025-04-08 22:25:32,682 [INFO] IPUIPlugin:80 - create IPUIPlugin
2025-04-08 22:25:32,683 [INFO] PluginManager:220 - loadIPPluginJar : add comp
2025-04-08 22:25:32,685 [INFO] IPUIPlugin:80 - create IPUIPlugin
2025-04-08 22:25:32,685 [INFO] PluginManager:220 - loadIPPluginJar : add cryp
2025-04-08 22:25:32,687 [INFO] IPUIPlugin:80 - create IPUIPlugin
2025-04-08 22:25:32,688 [INFO] PluginManager:220 - loadIPPluginJar : add ddr_ctrl_phy
2025-04-08 22:25:32,690 [INFO] IPUIPlugin:80 - create IPUIPlugin
2025-04-08 22:25:32,690 [INFO] PluginManager:220 - loadIPPluginJar : add dfsdm
2025-04-08 22:25:32,696 [INFO] IPUIPlugin:80 - create IPUIPlugin
2025-04-08 22:25:32,697 [INFO] PluginManager:220 - loadIPPluginJar : add dma
2025-04-08 22:25:32,699 [INFO] IPUIPlugin:80 - create IPUIPlugin
2025-04-08 22:25:32,701 [INFO] PluginManager:220 - loadIPPluginJar : add dma3
2025-04-08 22:25:32,703 [INFO] IPUIPlugin:80 - create IPUIPlugin
2025-04-08 22:25:32,703 [INFO] PluginManager:220 - loadIPPluginJar : add extmemmanager
2025-04-08 22:25:32,704 [INFO] IPUIPlugin:80 - create IPUIPlugin
2025-04-08 22:25:32,705 [INFO] PluginManager:220 - loadIPPluginJar : add fatfs
2025-04-08 22:25:32,709 [INFO] IPUIPlugin:80 - create IPUIPlugin
2025-04-08 22:25:32,709 [INFO] PluginManager:220 - loadIPPluginJar : add fmc
2025-04-08 22:25:32,713 [INFO] IPUIPlugin:80 - create IPUIPlugin
2025-04-08 22:25:32,714 [INFO] PluginManager:220 - loadIPPluginJar : add freertos
2025-04-08 22:25:32,715 [INFO] IPUIPlugin:80 - create IPUIPlugin
2025-04-08 22:25:32,715 [INFO] PluginManager:220 - loadIPPluginJar : add genericplugin
2025-04-08 22:25:32,717 [INFO] IPUIPlugin:80 - create IPUIPlugin
2025-04-08 22:25:32,717 [INFO] PluginManager:220 - loadIPPluginJar : add gfxmmu
2025-04-08 22:25:32,723 [INFO] IPUIPlugin:80 - create IPUIPlugin
2025-04-08 22:25:32,723 [INFO] PluginManager:220 - loadIPPluginJar : add gic
2025-04-08 22:25:32,727 [INFO] IPUIPlugin:80 - create IPUIPlugin
2025-04-08 22:25:32,727 [INFO] PluginManager:220 - loadIPPluginJar : add gpio
2025-04-08 22:25:32,729 [INFO] IPUIPlugin:80 - create IPUIPlugin
2025-04-08 22:25:32,729 [INFO] PluginManager:220 - loadIPPluginJar : add gtzc
2025-04-08 22:25:32,732 [INFO] IPUIPlugin:80 - create IPUIPlugin
2025-04-08 22:25:32,732 [INFO] PluginManager:220 - loadIPPluginJar : add hash
2025-04-08 22:25:32,734 [INFO] IPUIPlugin:80 - create IPUIPlugin
2025-04-08 22:25:32,734 [INFO] PluginManager:220 - loadIPPluginJar : add i2c
2025-04-08 22:25:32,737 [INFO] IPUIPlugin:80 - create IPUIPlugin
2025-04-08 22:25:32,737 [INFO] PluginManager:220 - loadIPPluginJar : add i2s
2025-04-08 22:25:32,740 [INFO] IPUIPlugin:80 - create IPUIPlugin
2025-04-08 22:25:32,740 [INFO] PluginManager:220 - loadIPPluginJar : add i3c
2025-04-08 22:25:32,743 [INFO] IPUIPlugin:80 - create IPUIPlugin
2025-04-08 22:25:32,744 [INFO] PluginManager:220 - loadIPPluginJar : add ipddr
2025-04-08 22:25:32,749 [INFO] IPUIPlugin:80 - create IPUIPlugin
2025-04-08 22:25:32,749 [INFO] PluginManager:220 - loadIPPluginJar : add linkedlist
2025-04-08 22:25:32,753 [INFO] IPUIPlugin:80 - create IPUIPlugin
2025-04-08 22:25:32,753 [INFO] PluginManager:220 - loadIPPluginJar : add lorawan
2025-04-08 22:25:32,754 [INFO] IPUIPlugin:80 - create IPUIPlugin
2025-04-08 22:25:32,754 [INFO] PluginManager:220 - loadIPPluginJar : add ltdc
2025-04-08 22:25:32,759 [INFO] IPUIPlugin:80 - create IPUIPlugin
2025-04-08 22:25:32,760 [INFO] PluginManager:220 - loadIPPluginJar : add mdma
2025-04-08 22:25:32,762 [INFO] IPUIPlugin:80 - create IPUIPlugin
2025-04-08 22:25:32,762 [INFO] PluginManager:220 - loadIPPluginJar : add nvic
2025-04-08 22:25:32,766 [INFO] IPUIPlugin:80 - create IPUIPlugin
2025-04-08 22:25:32,766 [INFO] PluginManager:220 - loadIPPluginJar : add opamp
2025-04-08 22:25:32,769 [INFO] IPUIPlugin:80 - create IPUIPlugin
2025-04-08 22:25:32,769 [INFO] PluginManager:220 - loadIPPluginJar : add openamp
2025-04-08 22:25:32,772 [INFO] IPUIPlugin:80 - create IPUIPlugin
2025-04-08 22:25:32,772 [INFO] PluginManager:220 - loadIPPluginJar : add pdm2pcm
2025-04-08 22:25:32,777 [INFO] IPUIPlugin:80 - create IPUIPlugin
2025-04-08 22:25:32,780 [INFO] PluginManager:220 - loadIPPluginJar : add plateformsettings
2025-04-08 22:25:32,781 [INFO] IPUIPlugin:80 - create IPUIPlugin
2025-04-08 22:25:32,782 [INFO] PluginManager:220 - loadIPPluginJar : add quadspi
2025-04-08 22:25:32,784 [INFO] IPUIPlugin:80 - create IPUIPlugin
2025-04-08 22:25:32,786 [INFO] PluginManager:220 - loadIPPluginJar : add radio
2025-04-08 22:25:32,789 [INFO] IPUIPlugin:80 - create IPUIPlugin
2025-04-08 22:25:32,789 [INFO] PluginManager:220 - loadIPPluginJar : add resmgrutility
2025-04-08 22:25:32,793 [INFO] IPUIPlugin:80 - create IPUIPlugin
2025-04-08 22:25:32,793 [INFO] PluginManager:220 - loadIPPluginJar : add sai
2025-04-08 22:25:32,796 [INFO] IPUIPlugin:80 - create IPUIPlugin
2025-04-08 22:25:32,796 [INFO] PluginManager:220 - loadIPPluginJar : add spi
2025-04-08 22:25:32,803 [INFO] IPUIPlugin:80 - create IPUIPlugin
2025-04-08 22:25:32,803 [INFO] PluginManager:220 - loadIPPluginJar : add stm32_wpan
2025-04-08 22:25:32,805 [INFO] IPUIPlugin:80 - create IPUIPlugin
2025-04-08 22:25:32,805 [INFO] PluginManager:220 - loadIPPluginJar : add tim
2025-04-08 22:25:32,808 [INFO] IPUIPlugin:80 - create IPUIPlugin
2025-04-08 22:25:32,808 [INFO] PluginManager:220 - loadIPPluginJar : add touchsensing
2025-04-08 22:25:32,809 [INFO] IPUIPlugin:80 - create IPUIPlugin
2025-04-08 22:25:32,809 [INFO] PluginManager:220 - loadIPPluginJar : add tracer_emb
2025-04-08 22:25:32,811 [INFO] IPUIPlugin:80 - create IPUIPlugin
2025-04-08 22:25:32,811 [INFO] PluginManager:220 - loadIPPluginJar : add ts
2025-04-08 22:25:32,814 [INFO] IPUIPlugin:80 - create IPUIPlugin
2025-04-08 22:25:32,814 [INFO] PluginManager:220 - loadIPPluginJar : add tsc
2025-04-08 22:25:32,816 [INFO] IPUIPlugin:80 - create IPUIPlugin
2025-04-08 22:25:32,816 [INFO] PluginManager:220 - loadIPPluginJar : add ucpd
2025-04-08 22:25:32,818 [INFO] IPUIPlugin:80 - create IPUIPlugin
2025-04-08 22:25:32,819 [INFO] PluginManager:220 - loadIPPluginJar : add usart
2025-04-08 22:25:32,821 [INFO] IPUIPlugin:80 - create IPUIPlugin
2025-04-08 22:25:32,821 [INFO] PluginManager:220 - loadIPPluginJar : add usbx
2025-04-08 22:25:32,934 [FATAL] Updater:351 - Updater called before beeing initialized
2025-04-08 22:25:32,954 [INFO] RulesReader:64 - Compatibility file has been processed (301 Rules)
2025-04-08 22:25:32,963 [INFO] RulesReader:64 - Compatibility file has been processed (301 Rules)
2025-04-08 22:25:32,971 [INFO] CADModel:165 - CPN selected for project level
2025-04-08 22:25:32,971 [INFO] CADModel:114 - Register for checkConnection events
2025-04-08 22:25:32,971 [FATAL] Updater:351 - Updater called before beeing initialized
2025-04-08 22:25:32,971 [ERROR] CADModel:125 - Updater not yet initialized, retry later 
2025-04-08 22:25:33,087 [FATAL] Updater:351 - Updater called before beeing initialized
2025-04-08 22:25:33,088 [INFO] CADModel:165 - CPN selected for project level
2025-04-08 22:25:33,088 [INFO] CADModel:114 - Register for checkConnection events
2025-04-08 22:25:33,088 [FATAL] Updater:351 - Updater called before beeing initialized
2025-04-08 22:25:33,088 [ERROR] CADModel:125 - Updater not yet initialized, retry later 
2025-04-08 22:25:33,091 [FATAL] Updater:351 - Updater called before beeing initialized
2025-04-08 22:25:33,180 [FATAL] Updater:351 - Updater called before beeing initialized
2025-04-08 22:25:33,183 [INFO] DbMcusAds:53 - JSON generation date=Thu Mar 06 21:54:22 ICT 2025 (1741272862204)
2025-04-08 22:25:33,183 [FATAL] Updater:351 - Updater called before beeing initialized
2025-04-08 22:25:33,210 [WARN] DetailPanel:346 - Failed to get advertising image, set to default
2025-04-08 22:25:33,422 [FATAL] Updater:351 - Updater called before beeing initialized
2025-04-08 22:25:33,423 [FATAL] Updater:351 - Updater called before beeing initialized
2025-04-08 22:25:33,423 [FATAL] Updater:351 - Updater called before beeing initialized
2025-04-08 22:25:33,424 [WARN] DetailPanel:346 - Failed to get advertising image, set to default
2025-04-08 22:25:33,424 [FATAL] Updater:351 - Updater called before beeing initialized
2025-04-08 22:25:33,466 [ERROR] Updater:1198 - MainUpdater not yet initialized. External WinMGr cannot be set.
2025-04-08 22:25:33,467 [INFO] Updater:1134 - Updater Version found : 6.14.0
2025-04-08 22:25:33,484 [INFO] ApplicationProperties:184 - Using Application install path: C:\ST\STM32CubeIDE_1.18.0\STM32CubeIDE\plugins\com.st.stm32cube.common.mx_6.14.0.202502271554
2025-04-08 22:25:33,808 [INFO] MainUpdater:2872 - connection check result : 10
2025-04-08 22:25:33,809 [INFO] MainUpdater:289 - Updater Check For Update Now.
2025-04-08 22:25:33,809 [INFO] MicroXplorer:498 - Change Database Version : DB.6.0.140
2025-04-08 22:25:33,818 [INFO] McuFinderGlobals:63 - Set McuFinder mode to 2 (CubeIDE integrated)
2025-04-08 22:25:33,819 [INFO] UserAuth:486 - Internet connection configuration mode: 1
2025-04-08 22:25:33,845 [INFO] JxBrowserEngine:152 - Initiate JxBrowser Engine with user profile folder
2025-04-08 22:25:33,989 [INFO] CheckServerUpdateThread:120 - End of CheckServer Thread
2025-04-08 22:25:34,374 [INFO] WebApp:169 - Instantiating new browser for Auth
2025-04-08 22:25:34,907 [INFO] WebApp:463 - Apply proxy settings
2025-04-08 22:25:34,907 [INFO] WebApp:548 - Chromium requires no authentication
2025-04-08 22:25:34,914 [INFO] WebApp:491 - Direct internet connection detected
2025-04-08 22:25:34,931 [INFO] WebApp:894 - Register for checkConnection events
2025-04-08 22:25:34,932 [INFO] WebApp:463 - Apply proxy settings
2025-04-08 22:25:34,932 [INFO] WebApp:548 - Chromium requires no authentication
2025-04-08 22:25:34,932 [INFO] WebApp:491 - Direct internet connection detected
2025-04-08 22:25:35,063 [INFO] WebApp:225 - Starting web application
2025-04-08 22:25:35,063 [INFO] WebApp:593 - Web application path used C:\ST\STM32CubeIDE_1.18.0\STM32CubeIDE\plugins\com.st.stm32cube.common.mx_6.14.0.202502271554\db\plugins\mcufinder\reactClient1\index.html
2025-04-08 22:25:35,129 [INFO] UserAuth:486 - Internet connection configuration mode: 1
2025-04-08 22:25:35,189 [ERROR] LogOutputStream:75 - [STDERR_REDIRECT] [Fatal Error] :1:1: Premature end of file.
2025-04-08 22:25:35,190 [ERROR] LogOutputStream:75 - [STDERR_REDIRECT] 
2025-04-08 22:25:35,330 [INFO] WebApp:191 - Connection restablished
2025-04-08 22:25:35,348 [WARN] PackLoader:240 - Cannot read IP mode file for STMicroelectronics.FP-SNS-MOTENVWB1.1.4.0
2025-04-08 22:25:35,370 [WARN] PackLoader:240 - Cannot read IP mode file for STMicroelectronics.X-CUBE-DISPLAY.3.0.0
2025-04-08 22:25:35,395 [WARN] PackLoader:240 - Cannot read IP mode file for STMicroelectronics.X-CUBE-BLEMGR.4.0.0
2025-04-08 22:25:35,409 [WARN] PackLoader:240 - Cannot read IP mode file for STMicroelectronics.X-CUBE-AI.10.0.0
2025-04-08 22:25:35,414 [WARN] PackLoader:240 - Cannot read IP mode file for STMicroelectronics.FP-SNS-SMARTAG2.1.2.0
2025-04-08 22:25:35,420 [WARN] PackLoader:240 - Cannot read IP mode file for STMicroelectronics.FP-SNS-MOTENV1.5.0.0
2025-04-08 22:25:35,433 [WARN] PackLoader:240 - Cannot read IP mode file for STMicroelectronics.X-CUBE-BLE2.3.3.0
2025-04-08 22:25:35,441 [WARN] PackLoader:240 - Cannot read IP mode file for STMicroelectronics.FP-ATR-SIGFOX1.3.2.0
2025-04-08 22:25:35,451 [WARN] PackLoader:240 - Cannot read IP mode file for STMicroelectronics.FP-SNS-STBOX1.2.0.0
2025-04-08 22:25:35,459 [WARN] PackLoader:240 - Cannot read IP mode file for STMicroelectronics.X-CUBE-ALS.1.0.2
2025-04-08 22:25:35,461 [INFO] ThirdParty:978 - Integrity check success = true
2025-04-08 22:25:35,461 [INFO] IntegrityCheckThread:100 - exiting critical section [integrity check]
2025-04-08 22:25:35,461 [INFO] IntegrityCheckThread:103 - End integrity checks thread
2025-04-08 22:25:36,176 [ERROR] LogOutputStream:75 - [STDERR_REDIRECT] [Fatal Error] :1:1: Premature end of file.
2025-04-08 22:25:36,177 [ERROR] LogOutputStream:75 - [STDERR_REDIRECT] 
2025-04-08 22:25:37,175 [ERROR] LogOutputStream:75 - [STDERR_REDIRECT] [Fatal Error] :1:1: Premature end of file.
2025-04-08 22:25:37,175 [ERROR] LogOutputStream:75 - [STDERR_REDIRECT] 
2025-04-08 22:25:38,178 [ERROR] LogOutputStream:75 - [STDERR_REDIRECT] [Fatal Error] :1:1: Premature end of file.
2025-04-08 22:25:38,178 [ERROR] LogOutputStream:75 - [STDERR_REDIRECT] 
2025-04-08 22:25:39,177 [ERROR] LogOutputStream:75 - [STDERR_REDIRECT] [Fatal Error] :1:1: Premature end of file.
2025-04-08 22:25:39,177 [ERROR] LogOutputStream:75 - [STDERR_REDIRECT] 
2025-04-08 22:25:40,177 [ERROR] LogOutputStream:75 - [STDERR_REDIRECT] [Fatal Error] :1:1: Premature end of file.
2025-04-08 22:25:40,177 [ERROR] LogOutputStream:75 - [STDERR_REDIRECT] 
2025-04-08 22:25:41,177 [ERROR] LogOutputStream:75 - [STDERR_REDIRECT] [Fatal Error] :1:1: Premature end of file.
2025-04-08 22:25:41,177 [ERROR] LogOutputStream:75 - [STDERR_REDIRECT] 
2025-04-08 22:25:42,176 [ERROR] LogOutputStream:75 - [STDERR_REDIRECT] [Fatal Error] :1:1: Premature end of file.
2025-04-08 22:25:42,176 [ERROR] LogOutputStream:75 - [STDERR_REDIRECT] 
2025-04-08 22:25:43,176 [ERROR] LogOutputStream:75 - [STDERR_REDIRECT] [Fatal Error] :1:1: Premature end of file.
2025-04-08 22:25:43,176 [ERROR] LogOutputStream:75 - [STDERR_REDIRECT] 
2025-04-08 22:25:44,175 [ERROR] LogOutputStream:75 - [STDERR_REDIRECT] [Fatal Error] :1:1: Premature end of file.
2025-04-08 22:25:44,175 [ERROR] LogOutputStream:75 - [STDERR_REDIRECT] 
2025-04-08 22:25:45,175 [ERROR] LogOutputStream:75 - [STDERR_REDIRECT] [Fatal Error] :1:1: Premature end of file.
2025-04-08 22:25:45,175 [ERROR] LogOutputStream:75 - [STDERR_REDIRECT] 
2025-04-08 22:25:46,177 [ERROR] LogOutputStream:75 - [STDERR_REDIRECT] [Fatal Error] :1:1: Premature end of file.
2025-04-08 22:25:46,177 [ERROR] LogOutputStream:75 - [STDERR_REDIRECT] 
2025-04-08 22:25:47,176 [ERROR] LogOutputStream:75 - [STDERR_REDIRECT] [Fatal Error] :1:1: Premature end of file.
2025-04-08 22:25:47,176 [ERROR] LogOutputStream:75 - [STDERR_REDIRECT] 
2025-04-08 22:25:48,175 [ERROR] LogOutputStream:75 - [STDERR_REDIRECT] [Fatal Error] :1:1: Premature end of file.
2025-04-08 22:25:48,176 [ERROR] LogOutputStream:75 - [STDERR_REDIRECT] 
2025-04-08 22:25:49,177 [ERROR] LogOutputStream:75 - [STDERR_REDIRECT] [Fatal Error] :1:1: Premature end of file.
2025-04-08 22:25:49,177 [ERROR] LogOutputStream:75 - [STDERR_REDIRECT] 
2025-04-08 22:25:50,177 [ERROR] LogOutputStream:75 - [STDERR_REDIRECT] [Fatal Error] :1:1: Premature end of file.
2025-04-08 22:25:50,177 [ERROR] LogOutputStream:75 - [STDERR_REDIRECT] 
2025-04-08 22:25:51,176 [ERROR] LogOutputStream:75 - [STDERR_REDIRECT] [Fatal Error] :1:1: Premature end of file.
2025-04-08 22:25:51,176 [ERROR] LogOutputStream:75 - [STDERR_REDIRECT] 
2025-04-08 22:25:52,176 [ERROR] LogOutputStream:75 - [STDERR_REDIRECT] [Fatal Error] :1:1: Premature end of file.
2025-04-08 22:25:52,176 [ERROR] LogOutputStream:75 - [STDERR_REDIRECT] 
2025-04-08 22:25:53,177 [ERROR] LogOutputStream:75 - [STDERR_REDIRECT] [Fatal Error] :1:1: Premature end of file.
2025-04-08 22:25:53,177 [ERROR] LogOutputStream:75 - [STDERR_REDIRECT] 
2025-04-08 22:25:54,175 [ERROR] LogOutputStream:75 - [STDERR_REDIRECT] [Fatal Error] :1:1: Premature end of file.
2025-04-08 22:25:54,175 [ERROR] LogOutputStream:75 - [STDERR_REDIRECT] 
2025-04-08 22:25:55,176 [ERROR] LogOutputStream:75 - [STDERR_REDIRECT] [Fatal Error] :1:1: Premature end of file.
2025-04-08 22:25:55,176 [ERROR] LogOutputStream:75 - [STDERR_REDIRECT] 
2025-04-08 22:25:56,176 [ERROR] LogOutputStream:75 - [STDERR_REDIRECT] [Fatal Error] :1:1: Premature end of file.
2025-04-08 22:25:56,176 [ERROR] LogOutputStream:75 - [STDERR_REDIRECT] 
2025-04-08 22:25:57,190 [ERROR] LogOutputStream:75 - [STDERR_REDIRECT] [Fatal Error] :1:1: Premature end of file.
2025-04-08 22:25:57,192 [ERROR] LogOutputStream:75 - [STDERR_REDIRECT] 
2025-04-08 22:25:58,175 [ERROR] LogOutputStream:75 - [STDERR_REDIRECT] [Fatal Error] :1:1: Premature end of file.
2025-04-08 22:25:58,175 [ERROR] LogOutputStream:75 - [STDERR_REDIRECT] 
2025-04-08 22:25:59,177 [ERROR] LogOutputStream:75 - [STDERR_REDIRECT] [Fatal Error] :1:1: Premature end of file.
2025-04-08 22:25:59,177 [ERROR] LogOutputStream:75 - [STDERR_REDIRECT] 
2025-04-08 22:26:00,175 [ERROR] LogOutputStream:75 - [STDERR_REDIRECT] [Fatal Error] :1:1: Premature end of file.
2025-04-08 22:26:00,175 [ERROR] LogOutputStream:75 - [STDERR_REDIRECT] 
2025-04-08 22:26:01,177 [ERROR] LogOutputStream:75 - [STDERR_REDIRECT] [Fatal Error] :1:1: Premature end of file.
2025-04-08 22:26:01,177 [ERROR] LogOutputStream:75 - [STDERR_REDIRECT] 
2025-04-08 22:26:02,179 [ERROR] LogOutputStream:75 - [STDERR_REDIRECT] [Fatal Error] :1:1: Premature end of file.
2025-04-08 22:26:02,180 [ERROR] LogOutputStream:75 - [STDERR_REDIRECT] 
2025-04-08 22:26:03,177 [ERROR] LogOutputStream:75 - [STDERR_REDIRECT] [Fatal Error] :1:1: Premature end of file.
2025-04-08 22:26:03,178 [ERROR] LogOutputStream:75 - [STDERR_REDIRECT] 
2025-04-08 22:26:04,179 [ERROR] LogOutputStream:75 - [STDERR_REDIRECT] [Fatal Error] :1:1: Premature end of file.
2025-04-08 22:26:04,179 [ERROR] LogOutputStream:75 - [STDERR_REDIRECT] 
2025-04-08 22:26:05,176 [ERROR] LogOutputStream:75 - [STDERR_REDIRECT] [Fatal Error] :1:1: Premature end of file.
2025-04-08 22:26:05,177 [ERROR] LogOutputStream:75 - [STDERR_REDIRECT] 
2025-04-08 22:26:06,176 [ERROR] LogOutputStream:75 - [STDERR_REDIRECT] [Fatal Error] :1:1: Premature end of file.
2025-04-08 22:26:06,176 [ERROR] LogOutputStream:75 - [STDERR_REDIRECT] 
2025-04-08 22:26:07,177 [ERROR] LogOutputStream:75 - [STDERR_REDIRECT] [Fatal Error] :1:1: Premature end of file.
2025-04-08 22:26:07,177 [ERROR] LogOutputStream:75 - [STDERR_REDIRECT] 
2025-04-08 22:26:08,175 [ERROR] LogOutputStream:75 - [STDERR_REDIRECT] [Fatal Error] :1:1: Premature end of file.
2025-04-08 22:26:08,175 [ERROR] LogOutputStream:75 - [STDERR_REDIRECT] 
2025-04-08 22:26:09,183 [ERROR] LogOutputStream:75 - [STDERR_REDIRECT] [Fatal Error] :1:1: Premature end of file.
2025-04-08 22:26:09,183 [ERROR] LogOutputStream:75 - [STDERR_REDIRECT] 
2025-04-08 22:26:10,175 [ERROR] LogOutputStream:75 - [STDERR_REDIRECT] [Fatal Error] :1:1: Premature end of file.
2025-04-08 22:26:10,175 [ERROR] LogOutputStream:75 - [STDERR_REDIRECT] 
2025-04-08 22:26:11,176 [ERROR] LogOutputStream:75 - [STDERR_REDIRECT] [Fatal Error] :1:1: Premature end of file.
2025-04-08 22:26:11,176 [ERROR] LogOutputStream:75 - [STDERR_REDIRECT] 
2025-04-08 22:26:12,176 [ERROR] LogOutputStream:75 - [STDERR_REDIRECT] [Fatal Error] :1:1: Premature end of file.
2025-04-08 22:26:12,176 [ERROR] LogOutputStream:75 - [STDERR_REDIRECT] 
2025-04-08 22:26:13,176 [ERROR] LogOutputStream:75 - [STDERR_REDIRECT] [Fatal Error] :1:1: Premature end of file.
2025-04-08 22:26:13,177 [ERROR] LogOutputStream:75 - [STDERR_REDIRECT] 
2025-04-08 22:26:14,177 [ERROR] LogOutputStream:75 - [STDERR_REDIRECT] [Fatal Error] :1:1: Premature end of file.
2025-04-08 22:26:14,177 [ERROR] LogOutputStream:75 - [STDERR_REDIRECT] 
2025-04-08 22:26:15,179 [ERROR] LogOutputStream:75 - [STDERR_REDIRECT] [Fatal Error] :1:1: Premature end of file.
2025-04-08 22:26:15,179 [ERROR] LogOutputStream:75 - [STDERR_REDIRECT] 
2025-04-08 22:26:16,177 [ERROR] LogOutputStream:75 - [STDERR_REDIRECT] [Fatal Error] :1:1: Premature end of file.
2025-04-08 22:26:16,177 [ERROR] LogOutputStream:75 - [STDERR_REDIRECT] 
2025-04-08 22:26:17,177 [ERROR] LogOutputStream:75 - [STDERR_REDIRECT] [Fatal Error] :1:1: Premature end of file.
2025-04-08 22:26:17,177 [ERROR] LogOutputStream:75 - [STDERR_REDIRECT] 
2025-04-08 22:26:18,177 [ERROR] LogOutputStream:75 - [STDERR_REDIRECT] [Fatal Error] :1:1: Premature end of file.
2025-04-08 22:26:18,177 [ERROR] LogOutputStream:75 - [STDERR_REDIRECT] 
2025-04-08 22:26:19,177 [ERROR] LogOutputStream:75 - [STDERR_REDIRECT] [Fatal Error] :1:1: Premature end of file.
2025-04-08 22:26:19,177 [ERROR] LogOutputStream:75 - [STDERR_REDIRECT] 
2025-04-08 22:26:20,175 [ERROR] LogOutputStream:75 - [STDERR_REDIRECT] [Fatal Error] :1:1: Premature end of file.
2025-04-08 22:26:20,175 [ERROR] LogOutputStream:75 - [STDERR_REDIRECT] 
2025-04-08 22:26:21,175 [ERROR] LogOutputStream:75 - [STDERR_REDIRECT] [Fatal Error] :1:1: Premature end of file.
2025-04-08 22:26:21,175 [ERROR] LogOutputStream:75 - [STDERR_REDIRECT] 
2025-04-08 22:26:22,178 [ERROR] LogOutputStream:75 - [STDERR_REDIRECT] [Fatal Error] :1:1: Premature end of file.
2025-04-08 22:26:22,179 [ERROR] LogOutputStream:75 - [STDERR_REDIRECT] 
2025-04-08 22:26:23,191 [ERROR] LogOutputStream:75 - [STDERR_REDIRECT] [Fatal Error] :1:1: Premature end of file.
2025-04-08 22:26:23,191 [ERROR] LogOutputStream:75 - [STDERR_REDIRECT] 
2025-04-08 22:26:24,190 [ERROR] LogOutputStream:75 - [STDERR_REDIRECT] [Fatal Error] :1:1: Premature end of file.
2025-04-08 22:26:24,191 [ERROR] LogOutputStream:75 - [STDERR_REDIRECT] 
2025-04-08 22:26:24,944 [ERROR] LogOutputStream:75 - [STDERR_REDIRECT] 
2025-04-08 22:26:42,958 [INFO] Activator:176 - 


2025-04-08 22:26:42,960 [INFO] Activator:177 - !SESSION log4j initialized
2025-04-08 22:26:45,308 [INFO] LogOutputStream:77 - [STDOUT_REDIRECT] 
2025-04-08 22:26:48,536 [INFO] ApplicationProperties:184 - Using Application install path: C:\ST\STM32CubeIDE_1.18.0\STM32CubeIDE\plugins\com.st.stm32cube.common.mx_6.14.0.202502271554
2025-04-08 22:26:48,548 [INFO] DbMcusXml:78 - Set database path to: C:\ST\STM32CubeIDE_1.18.0\STM32CubeIDE\plugins\com.st.stm32cube.common.mx_6.14.0.202502271554\\db\/mcu/
2025-04-08 22:26:48,549 [INFO] ApiDb:274 - Set plugin database path to: C:\ST\STM32CubeIDE_1.18.0\STM32CubeIDE\plugins\com.st.stm32cube.common.mx_6.14.0.202502271554\\db\/plugins/boardmanager/
2025-04-08 22:26:48,549 [WARN] ApiDb:259 - Overriding images path with different value:  => C:\ST\STM32CubeIDE_1.18.0\STM32CubeIDE\plugins\com.st.stm32cube.common.mx_6.14.0.202502271554\\db\/plugins/mcufinder/images/
2025-04-08 22:26:48,554 [INFO] ApiDb:250 - Set database path to: C:\Users\ASUS\.stmcufinder\plugins\mcufinder//mcu/
2025-04-08 22:26:48,555 [INFO] DbMcusAds:125 - Set database path to: C:\Users\ASUS\.stmcufinder\plugins\mcufinder//mcu/
2025-04-08 22:26:48,557 [INFO] CrossReferenceDbSqlite:203 - Set database path to: C:\Users\ASUS\.stmcufinder\plugins\mcufinder//mcu/cs/
2025-04-08 22:26:48,638 [INFO] RulesReader:64 - Compatibility file has been processed (301 Rules)
2025-04-08 22:26:48,700 [INFO] DbMcusXml:78 - Set database path to: C:\ST\STM32CubeIDE_1.18.0\STM32CubeIDE\plugins\com.st.stm32cube.common.mx_6.14.0.202502271554\\db\/mcu/
2025-04-08 22:26:48,701 [INFO] ApiDb:274 - Set plugin database path to: C:\ST\STM32CubeIDE_1.18.0\STM32CubeIDE\plugins\com.st.stm32cube.common.mx_6.14.0.202502271554\\db\/plugins/boardmanager/
2025-04-08 22:26:48,701 [INFO] ApiDb:261 - Set plugin images path to: C:\ST\STM32CubeIDE_1.18.0\STM32CubeIDE\plugins\com.st.stm32cube.common.mx_6.14.0.202502271554\\db\/plugins/mcufinder/images/
2025-04-08 22:26:48,701 [WARN] DbFile:41 - Overriding database path with different value: C:\Users\ASUS\.stmcufinder\plugins\mcufinder/ => C:\Users\ASUS\.stmcufinder\plugins\mcufinder
2025-04-08 22:26:48,701 [INFO] ApiDb:250 - Set database path to: C:\Users\ASUS\.stmcufinder\plugins\mcufinder//mcu/
2025-04-08 22:26:48,701 [WARN] DbFile:41 - Overriding database path with different value: C:\Users\ASUS\.stmcufinder\plugins\mcufinder/ => C:\Users\ASUS\.stmcufinder\plugins\mcufinder
2025-04-08 22:26:48,701 [INFO] DbMcusAds:125 - Set database path to: C:\Users\ASUS\.stmcufinder\plugins\mcufinder//mcu/
2025-04-08 22:26:48,701 [WARN] DbFile:41 - Overriding database path with different value: C:\Users\ASUS\.stmcufinder\plugins\mcufinder/ => C:\Users\ASUS\.stmcufinder\plugins\mcufinder
2025-04-08 22:26:48,701 [WARN] DbFile:41 - Overriding database path with different value: C:\Users\ASUS\.stmcufinder\plugins\mcufinder/ => C:\Users\ASUS\.stmcufinder\plugins\mcufinder
2025-04-08 22:26:48,701 [INFO] CrossReferenceDbSqlite:203 - Set database path to: C:\Users\ASUS\.stmcufinder\plugins\mcufinder//mcu/cs/
2025-04-08 22:26:48,761 [INFO] MainPanel:272 - HeapMemory: 268435456
2025-04-08 22:26:48,832 [INFO] DbMcusXml:78 - Set database path to: C:\ST\STM32CubeIDE_1.18.0\STM32CubeIDE\plugins\com.st.stm32cube.common.mx_6.14.0.202502271554\\db\/mcu/
2025-04-08 22:26:48,832 [INFO] ApiDb:274 - Set plugin database path to: C:\ST\STM32CubeIDE_1.18.0\STM32CubeIDE\plugins\com.st.stm32cube.common.mx_6.14.0.202502271554\\db\/plugins/boardmanager/
2025-04-08 22:26:48,832 [INFO] ApiDb:261 - Set plugin images path to: C:\ST\STM32CubeIDE_1.18.0\STM32CubeIDE\plugins\com.st.stm32cube.common.mx_6.14.0.202502271554\\db\/plugins/mcufinder/images/
2025-04-08 22:26:48,832 [WARN] DbFile:41 - Overriding database path with different value: C:\Users\ASUS\.stmcufinder\plugins\mcufinder/ => C:\Users\ASUS\.stmcufinder\plugins\mcufinder
2025-04-08 22:26:48,833 [INFO] ApiDb:250 - Set database path to: C:\Users\ASUS\.stmcufinder\plugins\mcufinder//mcu/
2025-04-08 22:26:48,833 [WARN] DbFile:41 - Overriding database path with different value: C:\Users\ASUS\.stmcufinder\plugins\mcufinder/ => C:\Users\ASUS\.stmcufinder\plugins\mcufinder
2025-04-08 22:26:48,833 [INFO] DbMcusAds:125 - Set database path to: C:\Users\ASUS\.stmcufinder\plugins\mcufinder//mcu/
2025-04-08 22:26:48,833 [WARN] DbFile:41 - Overriding database path with different value: C:\Users\ASUS\.stmcufinder\plugins\mcufinder/ => C:\Users\ASUS\.stmcufinder\plugins\mcufinder
2025-04-08 22:26:48,833 [WARN] DbFile:41 - Overriding database path with different value: C:\Users\ASUS\.stmcufinder\plugins\mcufinder/ => C:\Users\ASUS\.stmcufinder\plugins\mcufinder
2025-04-08 22:26:48,833 [INFO] CrossReferenceDbSqlite:203 - Set database path to: C:\Users\ASUS\.stmcufinder\plugins\mcufinder//mcu/cs/
2025-04-08 22:26:48,847 [INFO] ApplicationProperties:184 - Using Application install path: C:\ST\STM32CubeIDE_1.18.0\STM32CubeIDE\plugins\com.st.stm32cube.common.mx_6.14.0.202502271554
2025-04-08 22:26:48,848 [INFO] PluginManage:196 - Search for loadable plugins [exclusion list=, ]
2025-04-08 22:26:48,849 [INFO] PluginManage:310 - Check plugin analytics
2025-04-08 22:26:48,982 [INFO] AnalyticsPlugin:253 - Accepted Software Licenses: STM32CubeMX.6.14.0
2025-04-08 22:26:48,983 [INFO] AnalyticsPlugin:255 - Accepted CMSIS Pack Licenses: 
2025-04-08 22:26:48,983 [INFO] AnalyticsPlugin:257 - Accepted Firmware Licenses: FW.F4.1.28.0,FW.F4.1.27.0
2025-04-08 22:26:48,984 [INFO] PluginManage:359 - Loaded plugin analytics (category:tool,tabindex:-1)
2025-04-08 22:26:48,985 [INFO] PluginManage:310 - Check plugin cadmodel
2025-04-08 22:26:48,988 [INFO] CADModel:105 - Init CAD model plugin
2025-04-08 22:26:48,988 [INFO] PluginManage:359 - Loaded plugin cadmodel (category:power,tabindex:5)
2025-04-08 22:26:48,989 [INFO] PluginManage:310 - Check plugin clock
2025-04-08 22:26:48,995 [INFO] PluginManage:359 - Loaded plugin clock (category:base,tabindex:2)
2025-04-08 22:26:48,995 [INFO] PluginManage:310 - Check plugin ddr
2025-04-08 22:26:48,997 [INFO] PluginManage:359 - Loaded plugin ddr (category:tool,tabindex:6)
2025-04-08 22:26:48,997 [INFO] PluginManage:310 - Check plugin filemanager
2025-04-08 22:26:49,170 [INFO] PluginManage:359 - Loaded plugin filemanager (category:base,tabindex:10)
2025-04-08 22:26:49,170 [INFO] PluginManage:310 - Check plugin ipmanager
2025-04-08 22:26:49,179 [INFO] PluginManage:359 - Loaded plugin ipmanager (category:base,tabindex:5)
2025-04-08 22:26:49,179 [INFO] PluginManage:310 - Check plugin lpbam
2025-04-08 22:26:49,188 [INFO] PluginManage:359 - Loaded plugin lpbam (category:base,tabindex:0)
2025-04-08 22:26:49,188 [INFO] PluginManage:310 - Check plugin memorymap
2025-04-08 22:26:49,200 [INFO] PluginManage:359 - Loaded plugin memorymap (category:base,tabindex:4)
2025-04-08 22:26:49,200 [INFO] PluginManage:310 - Check plugin pinoutandconfiguration
2025-04-08 22:26:49,208 [INFO] PluginManage:359 - Loaded plugin pinoutandconfiguration (category:base,tabindex:1)
2025-04-08 22:26:49,208 [INFO] PluginManage:310 - Check plugin pinoutconfig
2025-04-08 22:26:49,287 [WARN] SupportedApi:132 - Cannot load RTOS API schema: s4s-elt-must-match.1: The content of 'definitions' must match (annotation?, (simpleType | complexType)?, (unique | key | keyref)*)). A problem was found starting at: attribute.
2025-04-08 22:26:49,380 [INFO] PluginManage:359 - Loaded plugin pinoutconfig (category:base,tabindex:0)
2025-04-08 22:26:49,380 [INFO] PluginManage:310 - Check plugin power
2025-04-08 22:26:49,386 [INFO] PluginManage:359 - Loaded plugin power (category:power,tabindex:4)
2025-04-08 22:26:49,386 [INFO] PluginManage:310 - Check plugin projectmanager
2025-04-08 22:26:49,400 [INFO] PluginManage:359 - Loaded plugin projectmanager (category:projectmanager,tabindex:4)
2025-04-08 22:26:49,400 [INFO] PluginManage:310 - Check plugin rif
2025-04-08 22:26:49,404 [INFO] PluginManage:359 - Loaded plugin rif (category:base,tabindex:3)
2025-04-08 22:26:49,404 [INFO] PluginManage:310 - Check plugin thirdparty
2025-04-08 22:26:49,505 [INFO] PluginManage:359 - Loaded plugin thirdparty (category:base,tabindex:-1)
2025-04-08 22:26:49,505 [WARN] IntegrityCheckThread:84 - waiting for thirdparty lock release [integrity check]
2025-04-08 22:26:49,505 [INFO] IntegrityCheckThread:86 - entering critical section [integrity check]
2025-04-08 22:26:49,505 [INFO] PluginManage:310 - Check plugin tools
2025-04-08 22:26:49,506 [INFO] ThirdPartyUpdaterWithRetryManager:70 - Updater plugin not ready yet. [1/15]
2025-04-08 22:26:49,508 [INFO] PluginManage:359 - Loaded plugin tools (category:base,tabindex:7)
2025-04-08 22:26:49,508 [INFO] PluginManage:310 - Check plugin tutovideos
2025-04-08 22:26:49,623 [INFO] PluginManage:359 - Loaded plugin tutovideos (category:base,tabindex:-1)
2025-04-08 22:26:49,623 [INFO] PluginManage:310 - Check plugin updater
2025-04-08 22:26:49,639 [INFO] PluginManage:359 - Loaded plugin updater (category:base,tabindex:12)
2025-04-08 22:26:49,639 [INFO] PluginManage:310 - Check plugin userauth
2025-04-08 22:26:49,642 [INFO] UserAuth:118 - Init User Auth plugin
2025-04-08 22:26:49,642 [INFO] PluginManage:359 - Loaded plugin userauth (category:base,tabindex:14)
2025-04-08 22:26:49,642 [INFO] PluginManage:283 - PluginManage : Loaded plugins [18]
2025-04-08 22:26:49,814 [INFO] PinOutPanel:1589 - setPackage(No Configuration,No Configuration)
2025-04-08 22:26:49,886 [INFO] CADModel:165 - CPN selected for project level
2025-04-08 22:26:49,887 [INFO] CADModel:114 - Register for checkConnection events
2025-04-08 22:26:49,901 [INFO] IPUIPlugin:80 - create IPUIPlugin
2025-04-08 22:26:49,902 [INFO] PluginManager:220 - loadIPPluginJar : add adc
2025-04-08 22:26:49,904 [INFO] IPUIPlugin:80 - create IPUIPlugin
2025-04-08 22:26:49,904 [INFO] PluginManager:220 - loadIPPluginJar : add aes
2025-04-08 22:26:49,907 [INFO] IPUIPlugin:80 - create IPUIPlugin
2025-04-08 22:26:49,907 [INFO] PluginManager:220 - loadIPPluginJar : add can
2025-04-08 22:26:49,908 [INFO] IPUIPlugin:80 - create IPUIPlugin
2025-04-08 22:26:49,908 [INFO] PluginManager:220 - loadIPPluginJar : add comp
2025-04-08 22:26:49,911 [INFO] IPUIPlugin:80 - create IPUIPlugin
2025-04-08 22:26:49,912 [INFO] PluginManager:220 - loadIPPluginJar : add cryp
2025-04-08 22:26:49,913 [INFO] IPUIPlugin:80 - create IPUIPlugin
2025-04-08 22:26:49,914 [INFO] PluginManager:220 - loadIPPluginJar : add ddr_ctrl_phy
2025-04-08 22:26:49,916 [INFO] IPUIPlugin:80 - create IPUIPlugin
2025-04-08 22:26:49,916 [INFO] PluginManager:220 - loadIPPluginJar : add dfsdm
2025-04-08 22:26:49,919 [INFO] IPUIPlugin:80 - create IPUIPlugin
2025-04-08 22:26:49,920 [INFO] PluginManager:220 - loadIPPluginJar : add dma
2025-04-08 22:26:49,921 [INFO] IPUIPlugin:80 - create IPUIPlugin
2025-04-08 22:26:49,922 [INFO] PluginManager:220 - loadIPPluginJar : add dma3
2025-04-08 22:26:49,924 [INFO] IPUIPlugin:80 - create IPUIPlugin
2025-04-08 22:26:49,924 [INFO] PluginManager:220 - loadIPPluginJar : add extmemmanager
2025-04-08 22:26:49,926 [INFO] IPUIPlugin:80 - create IPUIPlugin
2025-04-08 22:26:49,926 [INFO] PluginManager:220 - loadIPPluginJar : add fatfs
2025-04-08 22:26:49,931 [INFO] IPUIPlugin:80 - create IPUIPlugin
2025-04-08 22:26:49,931 [INFO] PluginManager:220 - loadIPPluginJar : add fmc
2025-04-08 22:26:49,938 [INFO] IPUIPlugin:80 - create IPUIPlugin
2025-04-08 22:26:49,938 [INFO] PluginManager:220 - loadIPPluginJar : add freertos
2025-04-08 22:26:49,939 [INFO] IPUIPlugin:80 - create IPUIPlugin
2025-04-08 22:26:49,940 [INFO] PluginManager:220 - loadIPPluginJar : add genericplugin
2025-04-08 22:26:49,942 [INFO] IPUIPlugin:80 - create IPUIPlugin
2025-04-08 22:26:49,942 [INFO] PluginManager:220 - loadIPPluginJar : add gfxmmu
2025-04-08 22:26:49,946 [INFO] IPUIPlugin:80 - create IPUIPlugin
2025-04-08 22:26:49,946 [INFO] PluginManager:220 - loadIPPluginJar : add gic
2025-04-08 22:26:49,950 [INFO] IPUIPlugin:80 - create IPUIPlugin
2025-04-08 22:26:49,951 [INFO] PluginManager:220 - loadIPPluginJar : add gpio
2025-04-08 22:26:49,954 [INFO] IPUIPlugin:80 - create IPUIPlugin
2025-04-08 22:26:49,954 [INFO] PluginManager:220 - loadIPPluginJar : add gtzc
2025-04-08 22:26:49,956 [INFO] IPUIPlugin:80 - create IPUIPlugin
2025-04-08 22:26:49,956 [INFO] PluginManager:220 - loadIPPluginJar : add hash
2025-04-08 22:26:49,959 [INFO] IPUIPlugin:80 - create IPUIPlugin
2025-04-08 22:26:49,959 [INFO] PluginManager:220 - loadIPPluginJar : add i2c
2025-04-08 22:26:49,962 [INFO] IPUIPlugin:80 - create IPUIPlugin
2025-04-08 22:26:49,962 [INFO] PluginManager:220 - loadIPPluginJar : add i2s
2025-04-08 22:26:49,964 [INFO] IPUIPlugin:80 - create IPUIPlugin
2025-04-08 22:26:49,964 [INFO] PluginManager:220 - loadIPPluginJar : add i3c
2025-04-08 22:26:49,968 [INFO] IPUIPlugin:80 - create IPUIPlugin
2025-04-08 22:26:49,968 [INFO] PluginManager:220 - loadIPPluginJar : add ipddr
2025-04-08 22:26:49,973 [INFO] IPUIPlugin:80 - create IPUIPlugin
2025-04-08 22:26:49,973 [INFO] PluginManager:220 - loadIPPluginJar : add linkedlist
2025-04-08 22:26:49,976 [INFO] IPUIPlugin:80 - create IPUIPlugin
2025-04-08 22:26:49,976 [INFO] PluginManager:220 - loadIPPluginJar : add lorawan
2025-04-08 22:26:49,977 [INFO] IPUIPlugin:80 - create IPUIPlugin
2025-04-08 22:26:49,977 [INFO] PluginManager:220 - loadIPPluginJar : add ltdc
2025-04-08 22:26:49,982 [INFO] IPUIPlugin:80 - create IPUIPlugin
2025-04-08 22:26:49,982 [INFO] PluginManager:220 - loadIPPluginJar : add mdma
2025-04-08 22:26:49,985 [INFO] IPUIPlugin:80 - create IPUIPlugin
2025-04-08 22:26:49,985 [INFO] PluginManager:220 - loadIPPluginJar : add nvic
2025-04-08 22:26:49,988 [INFO] IPUIPlugin:80 - create IPUIPlugin
2025-04-08 22:26:49,988 [INFO] PluginManager:220 - loadIPPluginJar : add opamp
2025-04-08 22:26:49,990 [INFO] IPUIPlugin:80 - create IPUIPlugin
2025-04-08 22:26:49,991 [INFO] PluginManager:220 - loadIPPluginJar : add openamp
2025-04-08 22:26:49,993 [INFO] IPUIPlugin:80 - create IPUIPlugin
2025-04-08 22:26:49,993 [INFO] PluginManager:220 - loadIPPluginJar : add pdm2pcm
2025-04-08 22:26:49,998 [INFO] IPUIPlugin:80 - create IPUIPlugin
2025-04-08 22:26:50,000 [INFO] PluginManager:220 - loadIPPluginJar : add plateformsettings
2025-04-08 22:26:50,001 [INFO] IPUIPlugin:80 - create IPUIPlugin
2025-04-08 22:26:50,001 [INFO] PluginManager:220 - loadIPPluginJar : add quadspi
2025-04-08 22:26:50,002 [INFO] IPUIPlugin:80 - create IPUIPlugin
2025-04-08 22:26:50,004 [INFO] PluginManager:220 - loadIPPluginJar : add radio
2025-04-08 22:26:50,007 [INFO] IPUIPlugin:80 - create IPUIPlugin
2025-04-08 22:26:50,007 [INFO] PluginManager:220 - loadIPPluginJar : add resmgrutility
2025-04-08 22:26:50,009 [INFO] IPUIPlugin:80 - create IPUIPlugin
2025-04-08 22:26:50,009 [INFO] PluginManager:220 - loadIPPluginJar : add sai
2025-04-08 22:26:50,011 [INFO] IPUIPlugin:80 - create IPUIPlugin
2025-04-08 22:26:50,011 [INFO] PluginManager:220 - loadIPPluginJar : add spi
2025-04-08 22:26:50,018 [INFO] IPUIPlugin:80 - create IPUIPlugin
2025-04-08 22:26:50,018 [INFO] PluginManager:220 - loadIPPluginJar : add stm32_wpan
2025-04-08 22:26:50,019 [INFO] IPUIPlugin:80 - create IPUIPlugin
2025-04-08 22:26:50,019 [INFO] PluginManager:220 - loadIPPluginJar : add tim
2025-04-08 22:26:50,023 [INFO] IPUIPlugin:80 - create IPUIPlugin
2025-04-08 22:26:50,023 [INFO] PluginManager:220 - loadIPPluginJar : add touchsensing
2025-04-08 22:26:50,025 [INFO] IPUIPlugin:80 - create IPUIPlugin
2025-04-08 22:26:50,025 [INFO] PluginManager:220 - loadIPPluginJar : add tracer_emb
2025-04-08 22:26:50,027 [INFO] IPUIPlugin:80 - create IPUIPlugin
2025-04-08 22:26:50,027 [INFO] PluginManager:220 - loadIPPluginJar : add ts
2025-04-08 22:26:50,029 [INFO] IPUIPlugin:80 - create IPUIPlugin
2025-04-08 22:26:50,029 [INFO] PluginManager:220 - loadIPPluginJar : add tsc
2025-04-08 22:26:50,030 [INFO] IPUIPlugin:80 - create IPUIPlugin
2025-04-08 22:26:50,030 [INFO] PluginManager:220 - loadIPPluginJar : add ucpd
2025-04-08 22:26:50,033 [INFO] IPUIPlugin:80 - create IPUIPlugin
2025-04-08 22:26:50,033 [INFO] PluginManager:220 - loadIPPluginJar : add usart
2025-04-08 22:26:50,036 [INFO] IPUIPlugin:80 - create IPUIPlugin
2025-04-08 22:26:50,036 [INFO] PluginManager:220 - loadIPPluginJar : add usbx
2025-04-08 22:26:50,150 [FATAL] Updater:351 - Updater called before beeing initialized
2025-04-08 22:26:50,170 [INFO] RulesReader:64 - Compatibility file has been processed (301 Rules)
2025-04-08 22:26:50,178 [INFO] RulesReader:64 - Compatibility file has been processed (301 Rules)
2025-04-08 22:26:50,187 [INFO] CADModel:165 - CPN selected for project level
2025-04-08 22:26:50,187 [INFO] CADModel:114 - Register for checkConnection events
2025-04-08 22:26:50,187 [FATAL] Updater:351 - Updater called before beeing initialized
2025-04-08 22:26:50,187 [ERROR] CADModel:125 - Updater not yet initialized, retry later 
2025-04-08 22:26:50,313 [FATAL] Updater:351 - Updater called before beeing initialized
2025-04-08 22:26:50,314 [INFO] CADModel:165 - CPN selected for project level
2025-04-08 22:26:50,314 [INFO] CADModel:114 - Register for checkConnection events
2025-04-08 22:26:50,314 [FATAL] Updater:351 - Updater called before beeing initialized
2025-04-08 22:26:50,314 [ERROR] CADModel:125 - Updater not yet initialized, retry later 
2025-04-08 22:26:50,317 [FATAL] Updater:351 - Updater called before beeing initialized
2025-04-08 22:26:50,411 [FATAL] Updater:351 - Updater called before beeing initialized
2025-04-08 22:26:50,414 [INFO] DbMcusAds:53 - JSON generation date=Thu Mar 06 21:54:22 ICT 2025 (1741272862204)
2025-04-08 22:26:50,415 [FATAL] Updater:351 - Updater called before beeing initialized
2025-04-08 22:26:50,443 [WARN] DetailPanel:346 - Failed to get advertising image, set to default
2025-04-08 22:26:50,672 [FATAL] Updater:351 - Updater called before beeing initialized
2025-04-08 22:26:50,673 [FATAL] Updater:351 - Updater called before beeing initialized
2025-04-08 22:26:50,673 [FATAL] Updater:351 - Updater called before beeing initialized
2025-04-08 22:26:50,673 [WARN] DetailPanel:346 - Failed to get advertising image, set to default
2025-04-08 22:26:50,674 [FATAL] Updater:351 - Updater called before beeing initialized
2025-04-08 22:26:50,716 [ERROR] Updater:1198 - MainUpdater not yet initialized. External WinMGr cannot be set.
2025-04-08 22:26:50,717 [INFO] Updater:1134 - Updater Version found : 6.14.0
2025-04-08 22:26:50,729 [INFO] ApplicationProperties:184 - Using Application install path: C:\ST\STM32CubeIDE_1.18.0\STM32CubeIDE\plugins\com.st.stm32cube.common.mx_6.14.0.202502271554
2025-04-08 22:26:51,003 [INFO] MainUpdater:2872 - connection check result : 10
2025-04-08 22:26:51,003 [INFO] MainUpdater:289 - Updater Check For Update Now.
2025-04-08 22:26:51,003 [INFO] MicroXplorer:498 - Change Database Version : DB.6.0.140
2025-04-08 22:26:51,012 [INFO] McuFinderGlobals:63 - Set McuFinder mode to 2 (CubeIDE integrated)
2025-04-08 22:26:51,013 [INFO] UserAuth:486 - Internet connection configuration mode: 1
2025-04-08 22:26:51,032 [INFO] JxBrowserEngine:152 - Initiate JxBrowser Engine with user profile folder
2025-04-08 22:26:51,170 [INFO] CheckServerUpdateThread:120 - End of CheckServer Thread
2025-04-08 22:26:51,545 [INFO] WebApp:169 - Instantiating new browser for Auth
2025-04-08 22:26:52,042 [INFO] WebApp:463 - Apply proxy settings
2025-04-08 22:26:52,042 [INFO] WebApp:548 - Chromium requires no authentication
2025-04-08 22:26:52,047 [INFO] WebApp:491 - Direct internet connection detected
2025-04-08 22:26:52,065 [INFO] WebApp:894 - Register for checkConnection events
2025-04-08 22:26:52,065 [INFO] WebApp:463 - Apply proxy settings
2025-04-08 22:26:52,065 [INFO] WebApp:548 - Chromium requires no authentication
2025-04-08 22:26:52,065 [INFO] WebApp:491 - Direct internet connection detected
2025-04-08 22:26:52,181 [INFO] WebApp:225 - Starting web application
2025-04-08 22:26:52,182 [INFO] WebApp:593 - Web application path used C:\ST\STM32CubeIDE_1.18.0\STM32CubeIDE\plugins\com.st.stm32cube.common.mx_6.14.0.202502271554\db\plugins\mcufinder\reactClient1\index.html
2025-04-08 22:26:52,296 [INFO] WebApp:191 - Connection restablished
2025-04-08 22:26:52,539 [INFO] UserAuth:486 - Internet connection configuration mode: 1
2025-04-08 22:26:52,653 [WARN] PackLoader:240 - Cannot read IP mode file for STMicroelectronics.FP-SNS-MOTENVWB1.1.4.0
2025-04-08 22:26:52,676 [WARN] PackLoader:240 - Cannot read IP mode file for STMicroelectronics.X-CUBE-DISPLAY.3.0.0
2025-04-08 22:26:52,700 [WARN] PackLoader:240 - Cannot read IP mode file for STMicroelectronics.X-CUBE-BLEMGR.4.0.0
2025-04-08 22:26:52,712 [WARN] PackLoader:240 - Cannot read IP mode file for STMicroelectronics.X-CUBE-AI.10.0.0
2025-04-08 22:26:52,718 [WARN] PackLoader:240 - Cannot read IP mode file for STMicroelectronics.FP-SNS-SMARTAG2.1.2.0
2025-04-08 22:26:52,726 [WARN] PackLoader:240 - Cannot read IP mode file for STMicroelectronics.FP-SNS-MOTENV1.5.0.0
2025-04-08 22:26:52,737 [WARN] PackLoader:240 - Cannot read IP mode file for STMicroelectronics.X-CUBE-BLE2.3.3.0
2025-04-08 22:26:52,744 [WARN] PackLoader:240 - Cannot read IP mode file for STMicroelectronics.FP-ATR-SIGFOX1.3.2.0
2025-04-08 22:26:52,754 [WARN] PackLoader:240 - Cannot read IP mode file for STMicroelectronics.FP-SNS-STBOX1.2.0.0
2025-04-08 22:26:52,768 [WARN] PackLoader:240 - Cannot read IP mode file for STMicroelectronics.X-CUBE-ALS.1.0.2
2025-04-08 22:26:52,770 [INFO] ThirdParty:978 - Integrity check success = true
2025-04-08 22:26:52,770 [INFO] IntegrityCheckThread:100 - exiting critical section [integrity check]
2025-04-08 22:26:52,771 [INFO] IntegrityCheckThread:103 - End integrity checks thread
2025-04-08 22:26:53,605 [ERROR] LogOutputStream:75 - [STDERR_REDIRECT] [Fatal Error] :1:1: Premature end of file.
2025-04-08 22:26:53,606 [ERROR] LogOutputStream:75 - [STDERR_REDIRECT] 
2025-04-08 22:26:54,593 [ERROR] LogOutputStream:75 - [STDERR_REDIRECT] [Fatal Error] :1:1: Premature end of file.
2025-04-08 22:26:54,593 [ERROR] LogOutputStream:75 - [STDERR_REDIRECT] 
2025-04-08 22:26:55,593 [ERROR] LogOutputStream:75 - [STDERR_REDIRECT] [Fatal Error] :1:1: Premature end of file.
2025-04-08 22:26:55,593 [ERROR] LogOutputStream:75 - [STDERR_REDIRECT] 
2025-04-08 22:26:56,593 [ERROR] LogOutputStream:75 - [STDERR_REDIRECT] [Fatal Error] :1:1: Premature end of file.
2025-04-08 22:26:56,593 [ERROR] LogOutputStream:75 - [STDERR_REDIRECT] 
2025-04-08 22:26:57,593 [ERROR] LogOutputStream:75 - [STDERR_REDIRECT] [Fatal Error] :1:1: Premature end of file.
2025-04-08 22:26:57,594 [ERROR] LogOutputStream:75 - [STDERR_REDIRECT] 
2025-04-08 22:26:58,593 [ERROR] LogOutputStream:75 - [STDERR_REDIRECT] [Fatal Error] :1:1: Premature end of file.
2025-04-08 22:26:58,593 [ERROR] LogOutputStream:75 - [STDERR_REDIRECT] 
2025-04-08 22:26:59,595 [ERROR] LogOutputStream:75 - [STDERR_REDIRECT] [Fatal Error] :1:1: Premature end of file.
2025-04-08 22:26:59,595 [ERROR] LogOutputStream:75 - [STDERR_REDIRECT] 
2025-04-08 22:27:00,594 [ERROR] LogOutputStream:75 - [STDERR_REDIRECT] [Fatal Error] :1:1: Premature end of file.
2025-04-08 22:27:00,595 [ERROR] LogOutputStream:75 - [STDERR_REDIRECT] 
2025-04-08 22:27:01,593 [ERROR] LogOutputStream:75 - [STDERR_REDIRECT] [Fatal Error] :1:1: Premature end of file.
2025-04-08 22:27:01,593 [ERROR] LogOutputStream:75 - [STDERR_REDIRECT] 
2025-04-08 22:27:02,593 [ERROR] LogOutputStream:75 - [STDERR_REDIRECT] [Fatal Error] :1:1: Premature end of file.
2025-04-08 22:27:02,593 [ERROR] LogOutputStream:75 - [STDERR_REDIRECT] 
2025-04-08 22:27:03,592 [ERROR] LogOutputStream:75 - [STDERR_REDIRECT] [Fatal Error] :1:1: Premature end of file.
2025-04-08 22:27:03,593 [ERROR] LogOutputStream:75 - [STDERR_REDIRECT] 
2025-04-08 22:27:04,594 [ERROR] LogOutputStream:75 - [STDERR_REDIRECT] [Fatal Error] :1:1: Premature end of file.
2025-04-08 22:27:04,594 [ERROR] LogOutputStream:75 - [STDERR_REDIRECT] 
2025-04-08 22:27:05,594 [ERROR] LogOutputStream:75 - [STDERR_REDIRECT] [Fatal Error] :1:1: Premature end of file.
2025-04-08 22:27:05,594 [ERROR] LogOutputStream:75 - [STDERR_REDIRECT] 
2025-04-08 22:27:06,592 [ERROR] LogOutputStream:75 - [STDERR_REDIRECT] [Fatal Error] :1:1: Premature end of file.
2025-04-08 22:27:06,592 [ERROR] LogOutputStream:75 - [STDERR_REDIRECT] 
2025-04-08 22:27:07,595 [ERROR] LogOutputStream:75 - [STDERR_REDIRECT] [Fatal Error] :1:1: Premature end of file.
2025-04-08 22:27:07,595 [ERROR] LogOutputStream:75 - [STDERR_REDIRECT] 
2025-04-08 22:27:08,593 [ERROR] LogOutputStream:75 - [STDERR_REDIRECT] [Fatal Error] :1:1: Premature end of file.
2025-04-08 22:27:08,593 [ERROR] LogOutputStream:75 - [STDERR_REDIRECT] 
2025-04-08 22:27:09,593 [ERROR] LogOutputStream:75 - [STDERR_REDIRECT] [Fatal Error] :1:1: Premature end of file.
2025-04-08 22:27:09,593 [ERROR] LogOutputStream:75 - [STDERR_REDIRECT] 
2025-04-08 22:27:10,593 [ERROR] LogOutputStream:75 - [STDERR_REDIRECT] [Fatal Error] :1:1: Premature end of file.
2025-04-08 22:27:10,593 [ERROR] LogOutputStream:75 - [STDERR_REDIRECT] 
2025-04-08 22:27:11,594 [ERROR] LogOutputStream:75 - [STDERR_REDIRECT] [Fatal Error] :1:1: Premature end of file.
2025-04-08 22:27:11,594 [ERROR] LogOutputStream:75 - [STDERR_REDIRECT] 
2025-04-08 22:27:12,594 [ERROR] LogOutputStream:75 - [STDERR_REDIRECT] [Fatal Error] :1:1: Premature end of file.
2025-04-08 22:27:12,594 [ERROR] LogOutputStream:75 - [STDERR_REDIRECT] 
2025-04-08 22:27:13,594 [ERROR] LogOutputStream:75 - [STDERR_REDIRECT] [Fatal Error] :1:1: Premature end of file.
2025-04-08 22:27:13,594 [ERROR] LogOutputStream:75 - [STDERR_REDIRECT] 
2025-04-08 22:27:14,610 [ERROR] LogOutputStream:75 - [STDERR_REDIRECT] [Fatal Error] :1:1: Premature end of file.
2025-04-08 22:27:14,611 [ERROR] LogOutputStream:75 - [STDERR_REDIRECT] 
2025-04-08 22:27:15,593 [ERROR] LogOutputStream:75 - [STDERR_REDIRECT] [Fatal Error] :1:1: Premature end of file.
2025-04-08 22:27:15,594 [ERROR] LogOutputStream:75 - [STDERR_REDIRECT] 
2025-04-08 22:27:16,593 [ERROR] LogOutputStream:75 - [STDERR_REDIRECT] [Fatal Error] :1:1: Premature end of file.
2025-04-08 22:27:16,593 [ERROR] LogOutputStream:75 - [STDERR_REDIRECT] 
2025-04-08 22:27:17,593 [ERROR] LogOutputStream:75 - [STDERR_REDIRECT] [Fatal Error] :1:1: Premature end of file.
2025-04-08 22:27:17,593 [ERROR] LogOutputStream:75 - [STDERR_REDIRECT] 
2025-04-08 22:27:18,594 [ERROR] LogOutputStream:75 - [STDERR_REDIRECT] [Fatal Error] :1:1: Premature end of file.
2025-04-08 22:27:18,594 [ERROR] LogOutputStream:75 - [STDERR_REDIRECT] 
2025-04-08 22:27:19,599 [ERROR] LogOutputStream:75 - [STDERR_REDIRECT] [Fatal Error] :1:1: Premature end of file.
2025-04-08 22:27:19,599 [ERROR] LogOutputStream:75 - [STDERR_REDIRECT] 
2025-04-08 22:27:20,594 [ERROR] LogOutputStream:75 - [STDERR_REDIRECT] [Fatal Error] :1:1: Premature end of file.
2025-04-08 22:27:20,595 [ERROR] LogOutputStream:75 - [STDERR_REDIRECT] 
2025-04-08 22:27:21,598 [ERROR] LogOutputStream:75 - [STDERR_REDIRECT] [Fatal Error] :1:1: Premature end of file.
2025-04-08 22:27:21,598 [ERROR] LogOutputStream:75 - [STDERR_REDIRECT] 
2025-04-08 22:27:22,596 [ERROR] LogOutputStream:75 - [STDERR_REDIRECT] [Fatal Error] :1:1: Premature end of file.
2025-04-08 22:27:22,596 [ERROR] LogOutputStream:75 - [STDERR_REDIRECT] 
2025-04-08 22:27:23,593 [ERROR] LogOutputStream:75 - [STDERR_REDIRECT] [Fatal Error] :1:1: Premature end of file.
2025-04-08 22:27:23,594 [ERROR] LogOutputStream:75 - [STDERR_REDIRECT] 
2025-04-08 22:27:24,594 [ERROR] LogOutputStream:75 - [STDERR_REDIRECT] [Fatal Error] :1:1: Premature end of file.
2025-04-08 22:27:24,595 [ERROR] LogOutputStream:75 - [STDERR_REDIRECT] 
2025-04-08 22:27:25,595 [ERROR] LogOutputStream:75 - [STDERR_REDIRECT] [Fatal Error] :1:1: Premature end of file.
2025-04-08 22:27:25,596 [ERROR] LogOutputStream:75 - [STDERR_REDIRECT] 
2025-04-08 22:27:26,593 [ERROR] LogOutputStream:75 - [STDERR_REDIRECT] [Fatal Error] :1:1: Premature end of file.
2025-04-08 22:27:26,594 [ERROR] LogOutputStream:75 - [STDERR_REDIRECT] 
2025-04-08 22:27:27,595 [ERROR] LogOutputStream:75 - [STDERR_REDIRECT] [Fatal Error] :1:1: Premature end of file.
2025-04-08 22:27:27,595 [ERROR] LogOutputStream:75 - [STDERR_REDIRECT] 
2025-04-08 22:27:28,593 [ERROR] LogOutputStream:75 - [STDERR_REDIRECT] [Fatal Error] :1:1: Premature end of file.
2025-04-08 22:27:28,593 [ERROR] LogOutputStream:75 - [STDERR_REDIRECT] 
2025-04-08 22:27:29,594 [ERROR] LogOutputStream:75 - [STDERR_REDIRECT] [Fatal Error] :1:1: Premature end of file.
2025-04-08 22:27:29,594 [ERROR] LogOutputStream:75 - [STDERR_REDIRECT] 
2025-04-08 22:27:30,594 [ERROR] LogOutputStream:75 - [STDERR_REDIRECT] [Fatal Error] :1:1: Premature end of file.
2025-04-08 22:27:30,594 [ERROR] LogOutputStream:75 - [STDERR_REDIRECT] 
2025-04-08 22:27:31,593 [ERROR] LogOutputStream:75 - [STDERR_REDIRECT] [Fatal Error] :1:1: Premature end of file.
2025-04-08 22:27:31,593 [ERROR] LogOutputStream:75 - [STDERR_REDIRECT] 
2025-04-08 22:27:32,594 [ERROR] LogOutputStream:75 - [STDERR_REDIRECT] [Fatal Error] :1:1: Premature end of file.
2025-04-08 22:27:32,595 [ERROR] LogOutputStream:75 - [STDERR_REDIRECT] 
2025-04-08 22:27:33,593 [ERROR] LogOutputStream:75 - [STDERR_REDIRECT] [Fatal Error] :1:1: Premature end of file.
2025-04-08 22:27:33,593 [ERROR] LogOutputStream:75 - [STDERR_REDIRECT] 
2025-04-08 22:27:34,598 [ERROR] LogOutputStream:75 - [STDERR_REDIRECT] [Fatal Error] :1:1: Premature end of file.
2025-04-08 22:27:34,599 [ERROR] LogOutputStream:75 - [STDERR_REDIRECT] 
2025-04-08 22:27:35,594 [ERROR] LogOutputStream:75 - [STDERR_REDIRECT] [Fatal Error] :1:1: Premature end of file.
2025-04-08 22:27:35,594 [ERROR] LogOutputStream:75 - [STDERR_REDIRECT] 
2025-04-08 22:27:36,592 [ERROR] LogOutputStream:75 - [STDERR_REDIRECT] [Fatal Error] :1:1: Premature end of file.
2025-04-08 22:27:36,592 [ERROR] LogOutputStream:75 - [STDERR_REDIRECT] 
2025-04-08 22:27:37,594 [ERROR] LogOutputStream:75 - [STDERR_REDIRECT] [Fatal Error] :1:1: Premature end of file.
2025-04-08 22:27:37,594 [ERROR] LogOutputStream:75 - [STDERR_REDIRECT] 
2025-04-08 22:27:38,593 [ERROR] LogOutputStream:75 - [STDERR_REDIRECT] [Fatal Error] :1:1: Premature end of file.
2025-04-08 22:27:38,593 [ERROR] LogOutputStream:75 - [STDERR_REDIRECT] 
2025-04-08 22:27:39,596 [ERROR] LogOutputStream:75 - [STDERR_REDIRECT] [Fatal Error] :1:1: Premature end of file.
2025-04-08 22:27:39,597 [ERROR] LogOutputStream:75 - [STDERR_REDIRECT] 
2025-04-08 22:27:40,594 [ERROR] LogOutputStream:75 - [STDERR_REDIRECT] [Fatal Error] :1:1: Premature end of file.
2025-04-08 22:27:40,594 [ERROR] LogOutputStream:75 - [STDERR_REDIRECT] 
2025-04-08 22:27:41,592 [ERROR] LogOutputStream:75 - [STDERR_REDIRECT] [Fatal Error] :1:1: Premature end of file.
2025-04-08 22:27:41,593 [ERROR] LogOutputStream:75 - [STDERR_REDIRECT] 
2025-04-08 22:27:42,593 [ERROR] LogOutputStream:75 - [STDERR_REDIRECT] [Fatal Error] :1:1: Premature end of file.
2025-04-08 22:27:42,594 [ERROR] LogOutputStream:75 - [STDERR_REDIRECT] 
2025-04-08 22:27:43,596 [ERROR] LogOutputStream:75 - [STDERR_REDIRECT] [Fatal Error] :1:1: Premature end of file.
2025-04-08 22:27:43,596 [ERROR] LogOutputStream:75 - [STDERR_REDIRECT] 
2025-04-08 22:27:44,594 [ERROR] LogOutputStream:75 - [STDERR_REDIRECT] [Fatal Error] :1:1: Premature end of file.
2025-04-08 22:27:44,594 [ERROR] LogOutputStream:75 - [STDERR_REDIRECT] 
2025-04-08 22:27:45,592 [ERROR] LogOutputStream:75 - [STDERR_REDIRECT] [Fatal Error] :1:1: Premature end of file.
2025-04-08 22:27:45,592 [ERROR] LogOutputStream:75 - [STDERR_REDIRECT] 
2025-04-08 22:27:46,594 [ERROR] LogOutputStream:75 - [STDERR_REDIRECT] [Fatal Error] :1:1: Premature end of file.
2025-04-08 22:27:46,594 [ERROR] LogOutputStream:75 - [STDERR_REDIRECT] 
2025-04-08 22:27:47,597 [ERROR] LogOutputStream:75 - [STDERR_REDIRECT] [Fatal Error] :1:1: Premature end of file.
2025-04-08 22:27:47,597 [ERROR] LogOutputStream:75 - [STDERR_REDIRECT] 
2025-04-08 22:27:48,596 [ERROR] LogOutputStream:75 - [STDERR_REDIRECT] [Fatal Error] :1:1: Premature end of file.
2025-04-08 22:27:48,596 [ERROR] LogOutputStream:75 - [STDERR_REDIRECT] 
2025-04-08 22:27:49,605 [ERROR] LogOutputStream:75 - [STDERR_REDIRECT] [Fatal Error] :1:1: Premature end of file.
2025-04-08 22:27:49,606 [ERROR] LogOutputStream:75 - [STDERR_REDIRECT] 
2025-04-08 22:27:50,593 [ERROR] LogOutputStream:75 - [STDERR_REDIRECT] [Fatal Error] :1:1: Premature end of file.
2025-04-08 22:27:50,593 [ERROR] LogOutputStream:75 - [STDERR_REDIRECT] 
2025-04-08 22:27:51,593 [ERROR] LogOutputStream:75 - [STDERR_REDIRECT] [Fatal Error] :1:1: Premature end of file.
2025-04-08 22:27:51,593 [ERROR] LogOutputStream:75 - [STDERR_REDIRECT] 
2025-04-08 22:27:52,594 [ERROR] LogOutputStream:75 - [STDERR_REDIRECT] [Fatal Error] :1:1: Premature end of file.
2025-04-08 22:27:52,595 [ERROR] LogOutputStream:75 - [STDERR_REDIRECT] 
2025-04-08 22:27:53,593 [ERROR] LogOutputStream:75 - [STDERR_REDIRECT] [Fatal Error] :1:1: Premature end of file.
2025-04-08 22:27:53,593 [ERROR] LogOutputStream:75 - [STDERR_REDIRECT] 
2025-04-08 22:27:54,594 [ERROR] LogOutputStream:75 - [STDERR_REDIRECT] [Fatal Error] :1:1: Premature end of file.
2025-04-08 22:27:54,594 [ERROR] LogOutputStream:75 - [STDERR_REDIRECT] 
2025-04-08 22:27:55,592 [ERROR] LogOutputStream:75 - [STDERR_REDIRECT] [Fatal Error] :1:1: Premature end of file.
2025-04-08 22:27:55,592 [ERROR] LogOutputStream:75 - [STDERR_REDIRECT] 
2025-04-08 22:27:56,593 [ERROR] LogOutputStream:75 - [STDERR_REDIRECT] [Fatal Error] :1:1: Premature end of file.
2025-04-08 22:27:56,593 [ERROR] LogOutputStream:75 - [STDERR_REDIRECT] 
2025-04-08 22:27:57,592 [ERROR] LogOutputStream:75 - [STDERR_REDIRECT] [Fatal Error] :1:1: Premature end of file.
2025-04-08 22:27:57,592 [ERROR] LogOutputStream:75 - [STDERR_REDIRECT] 
2025-04-08 22:27:58,594 [ERROR] LogOutputStream:75 - [STDERR_REDIRECT] [Fatal Error] :1:1: Premature end of file.
2025-04-08 22:27:58,594 [ERROR] LogOutputStream:75 - [STDERR_REDIRECT] 
2025-04-08 22:27:59,593 [ERROR] LogOutputStream:75 - [STDERR_REDIRECT] [Fatal Error] :1:1: Premature end of file.
2025-04-08 22:27:59,593 [ERROR] LogOutputStream:75 - [STDERR_REDIRECT] 
2025-04-08 22:28:00,592 [ERROR] LogOutputStream:75 - [STDERR_REDIRECT] [Fatal Error] :1:1: Premature end of file.
2025-04-08 22:28:00,592 [ERROR] LogOutputStream:75 - [STDERR_REDIRECT] 
2025-04-08 22:28:01,593 [ERROR] LogOutputStream:75 - [STDERR_REDIRECT] [Fatal Error] :1:1: Premature end of file.
2025-04-08 22:28:01,594 [ERROR] LogOutputStream:75 - [STDERR_REDIRECT] 
2025-04-08 22:28:02,594 [ERROR] LogOutputStream:75 - [STDERR_REDIRECT] [Fatal Error] :1:1: Premature end of file.
2025-04-08 22:28:02,594 [ERROR] LogOutputStream:75 - [STDERR_REDIRECT] 
2025-04-08 22:28:03,595 [ERROR] LogOutputStream:75 - [STDERR_REDIRECT] [Fatal Error] :1:1: Premature end of file.
2025-04-08 22:28:03,595 [ERROR] LogOutputStream:75 - [STDERR_REDIRECT] 
2025-04-08 22:28:04,593 [ERROR] LogOutputStream:75 - [STDERR_REDIRECT] [Fatal Error] :1:1: Premature end of file.
2025-04-08 22:28:04,594 [ERROR] LogOutputStream:75 - [STDERR_REDIRECT] 
2025-04-08 22:28:05,594 [ERROR] LogOutputStream:75 - [STDERR_REDIRECT] [Fatal Error] :1:1: Premature end of file.
2025-04-08 22:28:05,594 [ERROR] LogOutputStream:75 - [STDERR_REDIRECT] 
2025-04-08 22:28:06,596 [ERROR] LogOutputStream:75 - [STDERR_REDIRECT] [Fatal Error] :1:1: Premature end of file.
2025-04-08 22:28:06,596 [ERROR] LogOutputStream:75 - [STDERR_REDIRECT] 
2025-04-08 22:28:07,594 [ERROR] LogOutputStream:75 - [STDERR_REDIRECT] [Fatal Error] :1:1: Premature end of file.
2025-04-08 22:28:07,594 [ERROR] LogOutputStream:75 - [STDERR_REDIRECT] 
2025-04-08 22:28:08,594 [ERROR] LogOutputStream:75 - [STDERR_REDIRECT] [Fatal Error] :1:1: Premature end of file.
2025-04-08 22:28:08,594 [ERROR] LogOutputStream:75 - [STDERR_REDIRECT] 
2025-04-08 22:28:09,593 [ERROR] LogOutputStream:75 - [STDERR_REDIRECT] [Fatal Error] :1:1: Premature end of file.
2025-04-08 22:28:09,594 [ERROR] LogOutputStream:75 - [STDERR_REDIRECT] 
2025-04-08 22:28:10,594 [ERROR] LogOutputStream:75 - [STDERR_REDIRECT] [Fatal Error] :1:1: Premature end of file.
2025-04-08 22:28:10,594 [ERROR] LogOutputStream:75 - [STDERR_REDIRECT] 
2025-04-08 22:28:11,597 [ERROR] LogOutputStream:75 - [STDERR_REDIRECT] [Fatal Error] :1:1: Premature end of file.
2025-04-08 22:28:11,597 [ERROR] LogOutputStream:75 - [STDERR_REDIRECT] 
2025-04-08 22:28:12,594 [ERROR] LogOutputStream:75 - [STDERR_REDIRECT] [Fatal Error] :1:1: Premature end of file.
2025-04-08 22:28:12,595 [ERROR] LogOutputStream:75 - [STDERR_REDIRECT] 
2025-04-08 22:28:13,595 [ERROR] LogOutputStream:75 - [STDERR_REDIRECT] [Fatal Error] :1:1: Premature end of file.
2025-04-08 22:28:13,595 [ERROR] LogOutputStream:75 - [STDERR_REDIRECT] 
2025-04-08 22:28:14,597 [ERROR] LogOutputStream:75 - [STDERR_REDIRECT] [Fatal Error] :1:1: Premature end of file.
2025-04-08 22:28:14,597 [ERROR] LogOutputStream:75 - [STDERR_REDIRECT] 
2025-04-08 22:28:15,612 [ERROR] LogOutputStream:75 - [STDERR_REDIRECT] [Fatal Error] :1:1: Premature end of file.
2025-04-08 22:28:15,613 [ERROR] LogOutputStream:75 - [STDERR_REDIRECT] 
2025-04-08 22:28:16,595 [ERROR] LogOutputStream:75 - [STDERR_REDIRECT] [Fatal Error] :1:1: Premature end of file.
2025-04-08 22:28:16,595 [ERROR] LogOutputStream:75 - [STDERR_REDIRECT] 
2025-04-08 22:28:17,593 [ERROR] LogOutputStream:75 - [STDERR_REDIRECT] [Fatal Error] :1:1: Premature end of file.
2025-04-08 22:28:17,593 [ERROR] LogOutputStream:75 - [STDERR_REDIRECT] 
2025-04-08 22:28:18,596 [ERROR] LogOutputStream:75 - [STDERR_REDIRECT] [Fatal Error] :1:1: Premature end of file.
2025-04-08 22:28:18,596 [ERROR] LogOutputStream:75 - [STDERR_REDIRECT] 
2025-04-08 22:28:19,596 [ERROR] LogOutputStream:75 - [STDERR_REDIRECT] [Fatal Error] :1:1: Premature end of file.
2025-04-08 22:28:19,596 [ERROR] LogOutputStream:75 - [STDERR_REDIRECT] 
2025-04-08 22:28:20,593 [ERROR] LogOutputStream:75 - [STDERR_REDIRECT] [Fatal Error] :1:1: Premature end of file.
2025-04-08 22:28:20,593 [ERROR] LogOutputStream:75 - [STDERR_REDIRECT] 
2025-04-08 22:28:21,594 [ERROR] LogOutputStream:75 - [STDERR_REDIRECT] [Fatal Error] :1:1: Premature end of file.
2025-04-08 22:28:21,594 [ERROR] LogOutputStream:75 - [STDERR_REDIRECT] 
2025-04-08 22:28:22,592 [ERROR] LogOutputStream:75 - [STDERR_REDIRECT] [Fatal Error] :1:1: Premature end of file.
2025-04-08 22:28:22,593 [ERROR] LogOutputStream:75 - [STDERR_REDIRECT] 
2025-04-08 22:28:23,593 [ERROR] LogOutputStream:75 - [STDERR_REDIRECT] [Fatal Error] :1:1: Premature end of file.
2025-04-08 22:28:23,593 [ERROR] LogOutputStream:75 - [STDERR_REDIRECT] 
2025-04-08 22:28:24,594 [ERROR] LogOutputStream:75 - [STDERR_REDIRECT] [Fatal Error] :1:1: Premature end of file.
2025-04-08 22:28:24,594 [ERROR] LogOutputStream:75 - [STDERR_REDIRECT] 
2025-04-08 22:28:25,594 [ERROR] LogOutputStream:75 - [STDERR_REDIRECT] [Fatal Error] :1:1: Premature end of file.
2025-04-08 22:28:25,594 [ERROR] LogOutputStream:75 - [STDERR_REDIRECT] 
2025-04-08 22:28:26,593 [ERROR] LogOutputStream:75 - [STDERR_REDIRECT] [Fatal Error] :1:1: Premature end of file.
2025-04-08 22:28:26,594 [ERROR] LogOutputStream:75 - [STDERR_REDIRECT] 
2025-04-08 22:28:27,593 [ERROR] LogOutputStream:75 - [STDERR_REDIRECT] [Fatal Error] :1:1: Premature end of file.
2025-04-08 22:28:27,593 [ERROR] LogOutputStream:75 - [STDERR_REDIRECT] 
2025-04-08 22:28:28,594 [ERROR] LogOutputStream:75 - [STDERR_REDIRECT] [Fatal Error] :1:1: Premature end of file.
2025-04-08 22:28:28,595 [ERROR] LogOutputStream:75 - [STDERR_REDIRECT] 
2025-04-08 22:28:29,592 [ERROR] LogOutputStream:75 - [STDERR_REDIRECT] [Fatal Error] :1:1: Premature end of file.
2025-04-08 22:28:29,592 [ERROR] LogOutputStream:75 - [STDERR_REDIRECT] 
2025-04-08 22:28:30,594 [ERROR] LogOutputStream:75 - [STDERR_REDIRECT] [Fatal Error] :1:1: Premature end of file.
2025-04-08 22:28:30,595 [ERROR] LogOutputStream:75 - [STDERR_REDIRECT] 
2025-04-08 22:28:31,593 [ERROR] LogOutputStream:75 - [STDERR_REDIRECT] [Fatal Error] :1:1: Premature end of file.
2025-04-08 22:28:31,594 [ERROR] LogOutputStream:75 - [STDERR_REDIRECT] 
2025-04-08 22:28:32,601 [ERROR] LogOutputStream:75 - [STDERR_REDIRECT] [Fatal Error] :1:1: Premature end of file.
2025-04-08 22:28:32,601 [ERROR] LogOutputStream:75 - [STDERR_REDIRECT] 
2025-04-08 22:28:33,594 [ERROR] LogOutputStream:75 - [STDERR_REDIRECT] [Fatal Error] :1:1: Premature end of file.
2025-04-08 22:28:33,594 [ERROR] LogOutputStream:75 - [STDERR_REDIRECT] 
2025-04-08 22:28:34,593 [ERROR] LogOutputStream:75 - [STDERR_REDIRECT] [Fatal Error] :1:1: Premature end of file.
2025-04-08 22:28:34,593 [ERROR] LogOutputStream:75 - [STDERR_REDIRECT] 
2025-04-08 22:28:35,594 [ERROR] LogOutputStream:75 - [STDERR_REDIRECT] [Fatal Error] :1:1: Premature end of file.
2025-04-08 22:28:35,594 [ERROR] LogOutputStream:75 - [STDERR_REDIRECT] 
2025-04-08 22:28:36,595 [ERROR] LogOutputStream:75 - [STDERR_REDIRECT] [Fatal Error] :1:1: Premature end of file.
2025-04-08 22:28:36,595 [ERROR] LogOutputStream:75 - [STDERR_REDIRECT] 
2025-04-08 22:28:37,594 [ERROR] LogOutputStream:75 - [STDERR_REDIRECT] [Fatal Error] :1:1: Premature end of file.
2025-04-08 22:28:37,594 [ERROR] LogOutputStream:75 - [STDERR_REDIRECT] 
2025-04-08 22:28:38,592 [ERROR] LogOutputStream:75 - [STDERR_REDIRECT] [Fatal Error] :1:1: Premature end of file.
2025-04-08 22:28:38,592 [ERROR] LogOutputStream:75 - [STDERR_REDIRECT] 
2025-04-08 22:28:39,592 [ERROR] LogOutputStream:75 - [STDERR_REDIRECT] [Fatal Error] :1:1: Premature end of file.
2025-04-08 22:28:39,592 [ERROR] LogOutputStream:75 - [STDERR_REDIRECT] 
2025-04-08 22:28:40,593 [ERROR] LogOutputStream:75 - [STDERR_REDIRECT] [Fatal Error] :1:1: Premature end of file.
2025-04-08 22:28:40,593 [ERROR] LogOutputStream:75 - [STDERR_REDIRECT] 
2025-04-08 22:28:41,593 [ERROR] LogOutputStream:75 - [STDERR_REDIRECT] [Fatal Error] :1:1: Premature end of file.
2025-04-08 22:28:41,593 [ERROR] LogOutputStream:75 - [STDERR_REDIRECT] 
2025-04-08 22:28:42,596 [ERROR] LogOutputStream:75 - [STDERR_REDIRECT] [Fatal Error] :1:1: Premature end of file.
2025-04-08 22:28:42,596 [ERROR] LogOutputStream:75 - [STDERR_REDIRECT] 
2025-04-08 22:28:43,593 [ERROR] LogOutputStream:75 - [STDERR_REDIRECT] [Fatal Error] :1:1: Premature end of file.
2025-04-08 22:28:43,593 [ERROR] LogOutputStream:75 - [STDERR_REDIRECT] 
2025-04-08 22:28:44,595 [ERROR] LogOutputStream:75 - [STDERR_REDIRECT] [Fatal Error] :1:1: Premature end of file.
2025-04-08 22:28:44,595 [ERROR] LogOutputStream:75 - [STDERR_REDIRECT] 
2025-04-08 22:28:45,592 [ERROR] LogOutputStream:75 - [STDERR_REDIRECT] [Fatal Error] :1:1: Premature end of file.
2025-04-08 22:28:45,592 [ERROR] LogOutputStream:75 - [STDERR_REDIRECT] 
2025-04-08 22:28:46,593 [ERROR] LogOutputStream:75 - [STDERR_REDIRECT] [Fatal Error] :1:1: Premature end of file.
2025-04-08 22:28:46,594 [ERROR] LogOutputStream:75 - [STDERR_REDIRECT] 
2025-04-08 22:28:47,594 [ERROR] LogOutputStream:75 - [STDERR_REDIRECT] [Fatal Error] :1:1: Premature end of file.
2025-04-08 22:28:47,594 [ERROR] LogOutputStream:75 - [STDERR_REDIRECT] 
2025-04-08 22:28:48,594 [ERROR] LogOutputStream:75 - [STDERR_REDIRECT] [Fatal Error] :1:1: Premature end of file.
2025-04-08 22:28:48,594 [ERROR] LogOutputStream:75 - [STDERR_REDIRECT] 
2025-04-08 22:28:49,593 [ERROR] LogOutputStream:75 - [STDERR_REDIRECT] [Fatal Error] :1:1: Premature end of file.
2025-04-08 22:28:49,593 [ERROR] LogOutputStream:75 - [STDERR_REDIRECT] 
2025-04-08 22:28:50,592 [ERROR] LogOutputStream:75 - [STDERR_REDIRECT] [Fatal Error] :1:1: Premature end of file.
2025-04-08 22:28:50,592 [ERROR] LogOutputStream:75 - [STDERR_REDIRECT] 
2025-04-08 22:28:51,594 [ERROR] LogOutputStream:75 - [STDERR_REDIRECT] [Fatal Error] :1:1: Premature end of file.
2025-04-08 22:28:51,594 [ERROR] LogOutputStream:75 - [STDERR_REDIRECT] 
2025-04-08 22:28:52,595 [ERROR] LogOutputStream:75 - [STDERR_REDIRECT] [Fatal Error] :1:1: Premature end of file.
2025-04-08 22:28:52,595 [ERROR] LogOutputStream:75 - [STDERR_REDIRECT] 
2025-04-08 22:28:53,594 [ERROR] LogOutputStream:75 - [STDERR_REDIRECT] [Fatal Error] :1:1: Premature end of file.
2025-04-08 22:28:53,594 [ERROR] LogOutputStream:75 - [STDERR_REDIRECT] 
2025-04-08 22:28:54,596 [ERROR] LogOutputStream:75 - [STDERR_REDIRECT] [Fatal Error] :1:1: Premature end of file.
2025-04-08 22:28:54,596 [ERROR] LogOutputStream:75 - [STDERR_REDIRECT] 
2025-04-08 22:28:55,603 [ERROR] LogOutputStream:75 - [STDERR_REDIRECT] [Fatal Error] :1:1: Premature end of file.
2025-04-08 22:28:55,603 [ERROR] LogOutputStream:75 - [STDERR_REDIRECT] 
2025-04-08 22:28:56,594 [ERROR] LogOutputStream:75 - [STDERR_REDIRECT] [Fatal Error] :1:1: Premature end of file.
2025-04-08 22:28:56,594 [ERROR] LogOutputStream:75 - [STDERR_REDIRECT] 
2025-04-08 22:28:57,594 [ERROR] LogOutputStream:75 - [STDERR_REDIRECT] [Fatal Error] :1:1: Premature end of file.
2025-04-08 22:28:57,595 [ERROR] LogOutputStream:75 - [STDERR_REDIRECT] 
2025-04-08 22:28:58,593 [ERROR] LogOutputStream:75 - [STDERR_REDIRECT] [Fatal Error] :1:1: Premature end of file.
2025-04-08 22:28:58,593 [ERROR] LogOutputStream:75 - [STDERR_REDIRECT] 
2025-04-08 22:28:59,593 [ERROR] LogOutputStream:75 - [STDERR_REDIRECT] [Fatal Error] :1:1: Premature end of file.
2025-04-08 22:28:59,594 [ERROR] LogOutputStream:75 - [STDERR_REDIRECT] 
2025-04-08 22:29:00,594 [ERROR] LogOutputStream:75 - [STDERR_REDIRECT] [Fatal Error] :1:1: Premature end of file.
2025-04-08 22:29:00,594 [ERROR] LogOutputStream:75 - [STDERR_REDIRECT] 
2025-04-08 22:29:01,593 [ERROR] LogOutputStream:75 - [STDERR_REDIRECT] [Fatal Error] :1:1: Premature end of file.
2025-04-08 22:29:01,593 [ERROR] LogOutputStream:75 - [STDERR_REDIRECT] 
2025-04-08 22:29:02,593 [ERROR] LogOutputStream:75 - [STDERR_REDIRECT] [Fatal Error] :1:1: Premature end of file.
2025-04-08 22:29:02,594 [ERROR] LogOutputStream:75 - [STDERR_REDIRECT] 
2025-04-08 22:29:03,594 [ERROR] LogOutputStream:75 - [STDERR_REDIRECT] [Fatal Error] :1:1: Premature end of file.
2025-04-08 22:29:03,594 [ERROR] LogOutputStream:75 - [STDERR_REDIRECT] 
2025-04-08 22:29:04,593 [ERROR] LogOutputStream:75 - [STDERR_REDIRECT] [Fatal Error] :1:1: Premature end of file.
2025-04-08 22:29:04,594 [ERROR] LogOutputStream:75 - [STDERR_REDIRECT] 
2025-04-08 22:29:05,593 [ERROR] LogOutputStream:75 - [STDERR_REDIRECT] [Fatal Error] :1:1: Premature end of file.
2025-04-08 22:29:05,593 [ERROR] LogOutputStream:75 - [STDERR_REDIRECT] 
2025-04-08 22:29:06,592 [ERROR] LogOutputStream:75 - [STDERR_REDIRECT] [Fatal Error] :1:1: Premature end of file.
2025-04-08 22:29:06,592 [ERROR] LogOutputStream:75 - [STDERR_REDIRECT] 
2025-04-08 22:29:07,593 [ERROR] LogOutputStream:75 - [STDERR_REDIRECT] [Fatal Error] :1:1: Premature end of file.
2025-04-08 22:29:07,593 [ERROR] LogOutputStream:75 - [STDERR_REDIRECT] 
2025-04-08 22:29:08,593 [ERROR] LogOutputStream:75 - [STDERR_REDIRECT] [Fatal Error] :1:1: Premature end of file.
2025-04-08 22:29:08,593 [ERROR] LogOutputStream:75 - [STDERR_REDIRECT] 
2025-04-08 22:29:09,593 [ERROR] LogOutputStream:75 - [STDERR_REDIRECT] [Fatal Error] :1:1: Premature end of file.
2025-04-08 22:29:09,593 [ERROR] LogOutputStream:75 - [STDERR_REDIRECT] 
2025-04-08 22:29:10,593 [ERROR] LogOutputStream:75 - [STDERR_REDIRECT] [Fatal Error] :1:1: Premature end of file.
2025-04-08 22:29:10,593 [ERROR] LogOutputStream:75 - [STDERR_REDIRECT] 
2025-04-08 22:29:11,593 [ERROR] LogOutputStream:75 - [STDERR_REDIRECT] [Fatal Error] :1:1: Premature end of file.
2025-04-08 22:29:11,593 [ERROR] LogOutputStream:75 - [STDERR_REDIRECT] 
2025-04-08 22:29:12,594 [ERROR] LogOutputStream:75 - [STDERR_REDIRECT] [Fatal Error] :1:1: Premature end of file.
2025-04-08 22:29:12,594 [ERROR] LogOutputStream:75 - [STDERR_REDIRECT] 
2025-04-08 22:29:13,593 [ERROR] LogOutputStream:75 - [STDERR_REDIRECT] [Fatal Error] :1:1: Premature end of file.
2025-04-08 22:29:13,593 [ERROR] LogOutputStream:75 - [STDERR_REDIRECT] 
2025-04-08 22:29:14,594 [ERROR] LogOutputStream:75 - [STDERR_REDIRECT] [Fatal Error] :1:1: Premature end of file.
2025-04-08 22:29:14,594 [ERROR] LogOutputStream:75 - [STDERR_REDIRECT] 
2025-04-08 22:29:15,593 [ERROR] LogOutputStream:75 - [STDERR_REDIRECT] [Fatal Error] :1:1: Premature end of file.
2025-04-08 22:29:15,593 [ERROR] LogOutputStream:75 - [STDERR_REDIRECT] 
2025-04-08 22:29:16,593 [ERROR] LogOutputStream:75 - [STDERR_REDIRECT] [Fatal Error] :1:1: Premature end of file.
2025-04-08 22:29:16,593 [ERROR] LogOutputStream:75 - [STDERR_REDIRECT] 
2025-04-08 22:29:17,593 [ERROR] LogOutputStream:75 - [STDERR_REDIRECT] [Fatal Error] :1:1: Premature end of file.
2025-04-08 22:29:17,593 [ERROR] LogOutputStream:75 - [STDERR_REDIRECT] 
2025-04-08 22:29:18,594 [ERROR] LogOutputStream:75 - [STDERR_REDIRECT] [Fatal Error] :1:1: Premature end of file.
2025-04-08 22:29:18,594 [ERROR] LogOutputStream:75 - [STDERR_REDIRECT] 
2025-04-08 22:29:19,593 [ERROR] LogOutputStream:75 - [STDERR_REDIRECT] [Fatal Error] :1:1: Premature end of file.
2025-04-08 22:29:19,593 [ERROR] LogOutputStream:75 - [STDERR_REDIRECT] 
2025-04-08 22:29:20,593 [ERROR] LogOutputStream:75 - [STDERR_REDIRECT] [Fatal Error] :1:1: Premature end of file.
2025-04-08 22:29:20,593 [ERROR] LogOutputStream:75 - [STDERR_REDIRECT] 
2025-04-08 22:29:21,591 [ERROR] LogOutputStream:75 - [STDERR_REDIRECT] [Fatal Error] :1:1: Premature end of file.
2025-04-08 22:29:21,592 [ERROR] LogOutputStream:75 - [STDERR_REDIRECT] 
2025-04-08 22:29:22,594 [ERROR] LogOutputStream:75 - [STDERR_REDIRECT] [Fatal Error] :1:1: Premature end of file.
2025-04-08 22:29:22,594 [ERROR] LogOutputStream:75 - [STDERR_REDIRECT] 
2025-04-08 22:29:23,593 [ERROR] LogOutputStream:75 - [STDERR_REDIRECT] [Fatal Error] :1:1: Premature end of file.
2025-04-08 22:29:23,593 [ERROR] LogOutputStream:75 - [STDERR_REDIRECT] 
2025-04-08 22:29:24,593 [ERROR] LogOutputStream:75 - [STDERR_REDIRECT] [Fatal Error] :1:1: Premature end of file.
2025-04-08 22:29:24,593 [ERROR] LogOutputStream:75 - [STDERR_REDIRECT] 
2025-04-08 22:29:25,592 [ERROR] LogOutputStream:75 - [STDERR_REDIRECT] [Fatal Error] :1:1: Premature end of file.
2025-04-08 22:29:25,593 [ERROR] LogOutputStream:75 - [STDERR_REDIRECT] 
2025-04-08 22:29:26,593 [ERROR] LogOutputStream:75 - [STDERR_REDIRECT] [Fatal Error] :1:1: Premature end of file.
2025-04-08 22:29:26,593 [ERROR] LogOutputStream:75 - [STDERR_REDIRECT] 
2025-04-08 22:29:27,591 [ERROR] LogOutputStream:75 - [STDERR_REDIRECT] [Fatal Error] :1:1: Premature end of file.
2025-04-08 22:29:27,591 [ERROR] LogOutputStream:75 - [STDERR_REDIRECT] 
2025-04-08 22:29:28,593 [ERROR] LogOutputStream:75 - [STDERR_REDIRECT] [Fatal Error] :1:1: Premature end of file.
2025-04-08 22:29:28,593 [ERROR] LogOutputStream:75 - [STDERR_REDIRECT] 
2025-04-08 22:29:29,593 [ERROR] LogOutputStream:75 - [STDERR_REDIRECT] [Fatal Error] :1:1: Premature end of file.
2025-04-08 22:29:29,593 [ERROR] LogOutputStream:75 - [STDERR_REDIRECT] 
2025-04-08 22:29:30,593 [ERROR] LogOutputStream:75 - [STDERR_REDIRECT] [Fatal Error] :1:1: Premature end of file.
2025-04-08 22:29:30,593 [ERROR] LogOutputStream:75 - [STDERR_REDIRECT] 
2025-04-08 22:29:31,592 [ERROR] LogOutputStream:75 - [STDERR_REDIRECT] [Fatal Error] :1:1: Premature end of file.
2025-04-08 22:29:31,592 [ERROR] LogOutputStream:75 - [STDERR_REDIRECT] 
2025-04-08 22:29:32,593 [ERROR] LogOutputStream:75 - [STDERR_REDIRECT] [Fatal Error] :1:1: Premature end of file.
2025-04-08 22:29:32,593 [ERROR] LogOutputStream:75 - [STDERR_REDIRECT] 
2025-04-08 22:29:33,593 [ERROR] LogOutputStream:75 - [STDERR_REDIRECT] [Fatal Error] :1:1: Premature end of file.
2025-04-08 22:29:33,593 [ERROR] LogOutputStream:75 - [STDERR_REDIRECT] 
2025-04-08 22:29:34,591 [ERROR] LogOutputStream:75 - [STDERR_REDIRECT] [Fatal Error] :1:1: Premature end of file.
2025-04-08 22:29:34,591 [ERROR] LogOutputStream:75 - [STDERR_REDIRECT] 
2025-04-08 22:29:35,593 [ERROR] LogOutputStream:75 - [STDERR_REDIRECT] [Fatal Error] :1:1: Premature end of file.
2025-04-08 22:29:35,593 [ERROR] LogOutputStream:75 - [STDERR_REDIRECT] 
2025-04-08 22:29:36,593 [ERROR] LogOutputStream:75 - [STDERR_REDIRECT] [Fatal Error] :1:1: Premature end of file.
2025-04-08 22:29:36,593 [ERROR] LogOutputStream:75 - [STDERR_REDIRECT] 
2025-04-08 22:29:37,593 [ERROR] LogOutputStream:75 - [STDERR_REDIRECT] [Fatal Error] :1:1: Premature end of file.
2025-04-08 22:29:37,593 [ERROR] LogOutputStream:75 - [STDERR_REDIRECT] 
2025-04-08 22:29:38,595 [ERROR] LogOutputStream:75 - [STDERR_REDIRECT] [Fatal Error] :1:1: Premature end of file.
2025-04-08 22:29:38,595 [ERROR] LogOutputStream:75 - [STDERR_REDIRECT] 
2025-04-08 22:29:39,593 [ERROR] LogOutputStream:75 - [STDERR_REDIRECT] [Fatal Error] :1:1: Premature end of file.
2025-04-08 22:29:39,593 [ERROR] LogOutputStream:75 - [STDERR_REDIRECT] 
2025-04-08 22:29:40,593 [ERROR] LogOutputStream:75 - [STDERR_REDIRECT] [Fatal Error] :1:1: Premature end of file.
2025-04-08 22:29:40,593 [ERROR] LogOutputStream:75 - [STDERR_REDIRECT] 
2025-04-08 22:29:41,593 [ERROR] LogOutputStream:75 - [STDERR_REDIRECT] [Fatal Error] :1:1: Premature end of file.
2025-04-08 22:29:41,594 [ERROR] LogOutputStream:75 - [STDERR_REDIRECT] 
2025-04-08 22:29:42,592 [ERROR] LogOutputStream:75 - [STDERR_REDIRECT] [Fatal Error] :1:1: Premature end of file.
2025-04-08 22:29:42,592 [ERROR] LogOutputStream:75 - [STDERR_REDIRECT] 
2025-04-08 22:29:43,593 [ERROR] LogOutputStream:75 - [STDERR_REDIRECT] [Fatal Error] :1:1: Premature end of file.
2025-04-08 22:29:43,593 [ERROR] LogOutputStream:75 - [STDERR_REDIRECT] 
2025-04-08 22:29:44,593 [ERROR] LogOutputStream:75 - [STDERR_REDIRECT] [Fatal Error] :1:1: Premature end of file.
2025-04-08 22:29:44,593 [ERROR] LogOutputStream:75 - [STDERR_REDIRECT] 
2025-04-08 22:29:45,592 [ERROR] LogOutputStream:75 - [STDERR_REDIRECT] [Fatal Error] :1:1: Premature end of file.
2025-04-08 22:29:45,592 [ERROR] LogOutputStream:75 - [STDERR_REDIRECT] 
2025-04-08 22:29:46,594 [ERROR] LogOutputStream:75 - [STDERR_REDIRECT] [Fatal Error] :1:1: Premature end of file.
2025-04-08 22:29:46,594 [ERROR] LogOutputStream:75 - [STDERR_REDIRECT] 
2025-04-08 22:29:47,593 [ERROR] LogOutputStream:75 - [STDERR_REDIRECT] [Fatal Error] :1:1: Premature end of file.
2025-04-08 22:29:47,593 [ERROR] LogOutputStream:75 - [STDERR_REDIRECT] 
2025-04-08 22:29:48,593 [ERROR] LogOutputStream:75 - [STDERR_REDIRECT] [Fatal Error] :1:1: Premature end of file.
2025-04-08 22:29:48,594 [ERROR] LogOutputStream:75 - [STDERR_REDIRECT] 
2025-04-08 22:29:49,593 [ERROR] LogOutputStream:75 - [STDERR_REDIRECT] [Fatal Error] :1:1: Premature end of file.
2025-04-08 22:29:49,593 [ERROR] LogOutputStream:75 - [STDERR_REDIRECT] 
2025-04-08 22:29:50,593 [ERROR] LogOutputStream:75 - [STDERR_REDIRECT] [Fatal Error] :1:1: Premature end of file.
2025-04-08 22:29:50,593 [ERROR] LogOutputStream:75 - [STDERR_REDIRECT] 
2025-04-08 22:29:51,593 [ERROR] LogOutputStream:75 - [STDERR_REDIRECT] [Fatal Error] :1:1: Premature end of file.
2025-04-08 22:29:51,594 [ERROR] LogOutputStream:75 - [STDERR_REDIRECT] 
2025-04-08 22:29:52,592 [ERROR] LogOutputStream:75 - [STDERR_REDIRECT] [Fatal Error] :1:1: Premature end of file.
2025-04-08 22:29:52,592 [ERROR] LogOutputStream:75 - [STDERR_REDIRECT] 
2025-04-08 22:29:53,593 [ERROR] LogOutputStream:75 - [STDERR_REDIRECT] [Fatal Error] :1:1: Premature end of file.
2025-04-08 22:29:53,593 [ERROR] LogOutputStream:75 - [STDERR_REDIRECT] 
2025-04-08 22:29:54,593 [ERROR] LogOutputStream:75 - [STDERR_REDIRECT] [Fatal Error] :1:1: Premature end of file.
2025-04-08 22:29:54,593 [ERROR] LogOutputStream:75 - [STDERR_REDIRECT] 
2025-04-08 22:29:55,593 [ERROR] LogOutputStream:75 - [STDERR_REDIRECT] [Fatal Error] :1:1: Premature end of file.
2025-04-08 22:29:55,593 [ERROR] LogOutputStream:75 - [STDERR_REDIRECT] 
2025-04-08 22:29:56,593 [ERROR] LogOutputStream:75 - [STDERR_REDIRECT] [Fatal Error] :1:1: Premature end of file.
2025-04-08 22:29:56,594 [ERROR] LogOutputStream:75 - [STDERR_REDIRECT] 
2025-04-08 22:29:57,593 [ERROR] LogOutputStream:75 - [STDERR_REDIRECT] [Fatal Error] :1:1: Premature end of file.
2025-04-08 22:29:57,593 [ERROR] LogOutputStream:75 - [STDERR_REDIRECT] 
2025-04-08 22:29:58,593 [ERROR] LogOutputStream:75 - [STDERR_REDIRECT] [Fatal Error] :1:1: Premature end of file.
2025-04-08 22:29:58,593 [ERROR] LogOutputStream:75 - [STDERR_REDIRECT] 
2025-04-08 22:29:59,593 [ERROR] LogOutputStream:75 - [STDERR_REDIRECT] [Fatal Error] :1:1: Premature end of file.
2025-04-08 22:29:59,593 [ERROR] LogOutputStream:75 - [STDERR_REDIRECT] 
2025-04-08 22:30:00,594 [ERROR] LogOutputStream:75 - [STDERR_REDIRECT] [Fatal Error] :1:1: Premature end of file.
2025-04-08 22:30:00,594 [ERROR] LogOutputStream:75 - [STDERR_REDIRECT] 
2025-04-08 22:30:01,608 [ERROR] LogOutputStream:75 - [STDERR_REDIRECT] [Fatal Error] :1:1: Premature end of file.
2025-04-08 22:30:01,610 [ERROR] LogOutputStream:75 - [STDERR_REDIRECT] 
2025-04-08 22:30:01,911 [ERROR] LogOutputStream:75 - [STDERR_REDIRECT] 
